0 verbose cli /opt/homebrew/Cellar/node@22/22.22.0/bin/node /opt/homebrew/bin/npm
0 verbose cli /opt/homebrew/Cellar/node@22/22.22.0/bin/node /opt/homebrew/bin/npm
1 info using npm@10.9.4
1 info using npm@10.9.4
2 info using node@v22.22.0
2 info using node@v22.22.0
3 silly config load:file:/opt/homebrew/Cellar/node@22/22.22.0/lib/node_modules/npm/npmrc
3 silly config load:file:/opt/homebrew/Cellar/node@22/22.22.0/lib/node_modules/npm/npmrc
4 silly config load:file:/Users/mohitsingh/Documents/CES/CES-website-ng/.npmrc
4 silly config load:file:/Users/mohitsingh/Documents/CES/CES-website-ng/.npmrc
5 silly config load:file:/Users/mohitsingh/.npmrc
5 silly config load:file:/Users/mohitsingh/.npmrc
6 silly config load:file:/opt/homebrew/etc/npmrc
6 silly config load:file:/opt/homebrew/etc/npmrc
7 verbose title npm view ngx-owl-carousel-o versions
7 verbose title npm view ngx-owl-carousel-o version peerDependencies
8 verbose argv "view" "ngx-owl-carousel-o" "versions" "--json"
8 verbose argv "view" "ngx-owl-carousel-o" "version" "peerDependencies" "--json"
9 verbose logfile logs-max:10 dir:/Users/mohitsingh/Documents/CES/CES-website-ng/.npm-cache/_logs/2026-03-24T06_05_04_109Z-
9 verbose logfile logs-max:10 dir:/Users/mohitsingh/Documents/CES/CES-website-ng/.npm-cache/_logs/2026-03-24T06_05_04_109Z-
10 verbose logfile /Users/mohitsingh/Documents/CES/CES-website-ng/.npm-cache/_logs/2026-03-24T06_05_04_109Z-debug-0.log
10 verbose logfile /Users/mohitsingh/Documents/CES/CES-website-ng/.npm-cache/_logs/2026-03-24T06_05_04_109Z-debug-0.log
11 silly logfile done cleaning log files
11 silly logfile done cleaning log files
12 http fetch GET 200 https://registry.npmjs.org/ngx-owl-carousel-o 456ms (cache miss)
12 http fetch GET 200 https://registry.npmjs.org/ngx-owl-carousel-o 456ms (cache miss)
13 verbose cwd /Users/mohitsingh/Documents/CES/CES-website-ng
13 verbose cwd /Users/mohitsingh/Documents/CES/CES-website-ng
14 verbose os Darwin 25.3.0
14 verbose os Darwin 25.3.0
15 verbose node v22.22.0
15 verbose node v22.22.0
16 verbose npm  v10.9.4
16 verbose npm  v10.9.4
17 verbose exit 0
18 info ok
17 verbose exit 0
18 info ok
