0 verbose cli /Users/mohitsingh/.nvm/versions/node/v22.22.0/bin/node /Users/mohitsingh/.nvm/versions/node/v22.22.0/bin/npm
1 info using npm@10.9.4
2 info using node@v22.22.0
3 silly config load:file:/Users/mohitsingh/.nvm/versions/node/v22.22.0/lib/node_modules/npm/npmrc
4 silly config load:file:/Users/mohitsingh/Documents/CES/CES-website-ng/.npmrc
5 silly config load:file:/Users/mohitsingh/.npmrc
6 silly config load:file:/Users/mohitsingh/.nvm/versions/node/v22.22.0/etc/npmrc
7 verbose title npm install ngx-owl-carousel-o@21.0.0
8 verbose argv "install" "ngx-owl-carousel-o@21.0.0"
9 verbose logfile logs-max:10 dir:/Users/mohitsingh/Documents/CES/CES-website-ng/.npm-cache/_logs/2026-03-24T06_05_22_505Z-
10 verbose logfile /Users/mohitsingh/Documents/CES/CES-website-ng/.npm-cache/_logs/2026-03-24T06_05_22_505Z-debug-0.log
11 silly logfile done cleaning log files
12 silly packumentCache heap:2197815296 maxSize:549453824 maxEntrySize:274726912
13 silly idealTree buildDeps
14 silly fetch manifest ngx-owl-carousel-o@21.0.0
15 silly packumentCache full:https://registry.npmjs.org/ngx-owl-carousel-o cache-miss
16 http cache https://registry.npmjs.org/ngx-owl-carousel-o 51ms (cache hit)
17 silly packumentCache full:https://registry.npmjs.org/ngx-owl-carousel-o set size:281845 disposed:false
18 silly fetch manifest @angular/common@^21.1.0
19 silly packumentCache full:https://registry.npmjs.org/@angular%2fcommon cache-miss
20 http fetch GET 200 https://registry.npmjs.org/@angular%2fcommon 573ms (cache miss)
21 silly packumentCache full:https://registry.npmjs.org/@angular%2fcommon set size:undefined disposed:false
22 silly fetch manifest @angular/core@^21.1.0
23 silly packumentCache full:https://registry.npmjs.org/@angular%2fcore cache-miss
24 http fetch GET 200 https://registry.npmjs.org/@angular%2fcore 516ms (cache miss)
25 silly packumentCache full:https://registry.npmjs.org/@angular%2fcore set size:undefined disposed:false
26 silly fetch manifest @angular/compiler@^21.1.0
27 silly packumentCache full:https://registry.npmjs.org/@angular%2fcompiler cache-miss
28 http fetch GET 200 https://registry.npmjs.org/@angular%2fcompiler 717ms (cache miss)
29 silly packumentCache full:https://registry.npmjs.org/@angular%2fcompiler set size:undefined disposed:false
30 silly fetch manifest rxjs@~7.8.0
31 silly packumentCache full:https://registry.npmjs.org/rxjs cache-miss
32 http fetch GET 200 https://registry.npmjs.org/rxjs 103ms (cache miss)
33 silly packumentCache full:https://registry.npmjs.org/rxjs set size:undefined disposed:false
34 silly fetch manifest zone.js@~0.15.0 || ~0.16.0
35 silly packumentCache full:https://registry.npmjs.org/zone.js cache-miss
36 http fetch GET 200 https://registry.npmjs.org/zone.js 78ms (cache miss)
37 silly packumentCache full:https://registry.npmjs.org/zone.js set size:undefined disposed:false
38 silly placeDep ROOT ngx-owl-carousel-o@21.0.0 OK for: ces-tech-website@0.0.0 want: 21.0.0
39 silly reify moves {}
40 silly audit bulk request {
40 silly audit   '@acemir/cssom': [ '0.9.31' ],
40 silly audit   '@algolia/abtesting': [ '1.12.2' ],
40 silly audit   '@algolia/client-abtesting': [ '5.46.2' ],
40 silly audit   '@algolia/client-analytics': [ '5.46.2' ],
40 silly audit   '@algolia/client-common': [ '5.46.2' ],
40 silly audit   '@algolia/client-insights': [ '5.46.2' ],
40 silly audit   '@algolia/client-personalization': [ '5.46.2' ],
40 silly audit   '@algolia/client-query-suggestions': [ '5.46.2' ],
40 silly audit   '@algolia/client-search': [ '5.46.2' ],
40 silly audit   '@algolia/ingestion': [ '1.46.2' ],
40 silly audit   '@algolia/monitoring': [ '1.46.2' ],
40 silly audit   '@algolia/recommend': [ '5.46.2' ],
40 silly audit   '@algolia/requester-browser-xhr': [ '5.46.2' ],
40 silly audit   '@algolia/requester-fetch': [ '5.46.2' ],
40 silly audit   '@algolia/requester-node-http': [ '5.46.2' ],
40 silly audit   '@ampproject/remapping': [ '2.3.0' ],
40 silly audit   '@angular-devkit/architect': [ '0.2101.4' ],
40 silly audit   '@angular-devkit/core': [ '21.1.4' ],
40 silly audit   '@angular-devkit/schematics': [ '21.1.4' ],
40 silly audit   '@angular/animations': [ '21.1.4' ],
40 silly audit   '@angular/build': [ '21.1.4' ],
40 silly audit   '@angular/cdk': [ '21.1.4' ],
40 silly audit   '@angular/cli': [ '21.1.4' ],
40 silly audit   '@angular/common': [ '21.1.4' ],
40 silly audit   '@angular/compiler': [ '21.1.4' ],
40 silly audit   '@angular/compiler-cli': [ '21.1.4' ],
40 silly audit   '@angular/core': [ '21.1.4' ],
40 silly audit   '@angular/forms': [ '21.1.4' ],
40 silly audit   '@angular/material': [ '21.1.4' ],
40 silly audit   '@angular/platform-browser': [ '21.1.4' ],
40 silly audit   '@angular/router': [ '21.1.4' ],
40 silly audit   '@asamuzakjp/css-color': [ '4.1.2' ],
40 silly audit   'lru-cache': [ '11.2.6', '5.1.1' ],
40 silly audit   '@asamuzakjp/dom-selector': [ '6.8.1' ],
40 silly audit   '@asamuzakjp/nwsapi': [ '2.3.9' ],
40 silly audit   '@babel/code-frame': [ '7.29.0' ],
40 silly audit   '@babel/compat-data': [ '7.29.0' ],
40 silly audit   '@babel/core': [ '7.28.5' ],
40 silly audit   'convert-source-map': [ '2.0.0', '1.9.0' ],
40 silly audit   semver: [ '6.3.1', '7.7.3' ],
40 silly audit   '@babel/generator': [ '7.29.1' ],
40 silly audit   '@babel/helper-annotate-as-pure': [ '7.27.3' ],
40 silly audit   '@babel/helper-compilation-targets': [ '7.28.6' ],
40 silly audit   '@babel/helper-globals': [ '7.28.0' ],
40 silly audit   '@babel/helper-module-imports': [ '7.28.6' ],
40 silly audit   '@babel/helper-module-transforms': [ '7.28.6' ],
40 silly audit   '@babel/helper-split-export-declaration': [ '7.24.7' ],
40 silly audit   '@babel/helper-string-parser': [ '7.27.1' ],
40 silly audit   '@babel/helper-validator-identifier': [ '7.28.5' ],
40 silly audit   '@babel/helper-validator-option': [ '7.27.1' ],
40 silly audit   '@babel/helpers': [ '7.28.6' ],
40 silly audit   '@babel/parser': [ '7.29.0' ],
40 silly audit   '@babel/template': [ '7.28.6' ],
40 silly audit   '@babel/traverse': [ '7.29.0' ],
40 silly audit   '@babel/types': [ '7.29.0' ],
40 silly audit   '@csstools/color-helpers': [ '6.0.1' ],
40 silly audit   '@csstools/css-calc': [ '3.1.1' ],
40 silly audit   '@csstools/css-color-parser': [ '4.0.1' ],
40 silly audit   '@csstools/css-parser-algorithms': [ '4.0.0' ],
40 silly audit   '@csstools/css-syntax-patches-for-csstree': [ '1.0.27' ],
40 silly audit   '@csstools/css-tokenizer': [ '4.0.0' ],
40 silly audit   '@emnapi/core': [ '1.8.1' ],
40 silly audit   '@emnapi/runtime': [ '1.8.1' ],
40 silly audit   '@emnapi/wasi-threads': [ '1.1.0' ],
40 silly audit   '@esbuild/aix-ppc64': [ '0.27.2' ],
40 silly audit   '@esbuild/android-arm': [ '0.27.2' ],
40 silly audit   '@esbuild/android-arm64': [ '0.27.2' ],
40 silly audit   '@esbuild/android-x64': [ '0.27.2' ],
40 silly audit   '@esbuild/darwin-arm64': [ '0.27.2' ],
40 silly audit   '@esbuild/darwin-x64': [ '0.27.2' ],
40 silly audit   '@esbuild/freebsd-arm64': [ '0.27.2' ],
40 silly audit   '@esbuild/freebsd-x64': [ '0.27.2' ],
40 silly audit   '@esbuild/linux-arm': [ '0.27.2' ],
40 silly audit   '@esbuild/linux-arm64': [ '0.27.2' ],
40 silly audit   '@esbuild/linux-ia32': [ '0.27.2' ],
40 silly audit   '@esbuild/linux-loong64': [ '0.27.2' ],
40 silly audit   '@esbuild/linux-mips64el': [ '0.27.2' ],
40 silly audit   '@esbuild/linux-ppc64': [ '0.27.2' ],
40 silly audit   '@esbuild/linux-riscv64': [ '0.27.2' ],
40 silly audit   '@esbuild/linux-s390x': [ '0.27.2' ],
40 silly audit   '@esbuild/linux-x64': [ '0.27.2' ],
40 silly audit   '@esbuild/netbsd-arm64': [ '0.27.2' ],
40 silly audit   '@esbuild/netbsd-x64': [ '0.27.2' ],
40 silly audit   '@esbuild/openbsd-arm64': [ '0.27.2' ],
40 silly audit   '@esbuild/openbsd-x64': [ '0.27.2' ],
40 silly audit   '@esbuild/openharmony-arm64': [ '0.27.2' ],
40 silly audit   '@esbuild/sunos-x64': [ '0.27.2' ],
40 silly audit   '@esbuild/win32-arm64': [ '0.27.2' ],
40 silly audit   '@esbuild/win32-ia32': [ '0.27.2' ],
40 silly audit   '@esbuild/win32-x64': [ '0.27.2' ],
40 silly audit   '@exodus/bytes': [ '1.14.1' ],
40 silly audit   '@hono/node-server': [ '1.19.9' ],
40 silly audit   '@inquirer/ansi': [ '1.0.2' ],
40 silly audit   '@inquirer/checkbox': [ '4.3.2' ],
40 silly audit   '@inquirer/confirm': [ '5.1.21' ],
40 silly audit   '@inquirer/core': [ '10.3.2' ],
40 silly audit   '@inquirer/editor': [ '4.2.23' ],
40 silly audit   '@inquirer/expand': [ '4.0.23' ],
40 silly audit   '@inquirer/external-editor': [ '1.0.3' ],
40 silly audit   '@inquirer/figures': [ '1.0.15' ],
40 silly audit   '@inquirer/input': [ '4.3.1' ],
40 silly audit   '@inquirer/number': [ '3.0.23' ],
40 silly audit   '@inquirer/password': [ '4.0.23' ],
40 silly audit   '@inquirer/prompts': [ '7.10.1' ],
40 silly audit   '@inquirer/rawlist': [ '4.1.11' ],
40 silly audit   '@inquirer/search': [ '3.2.2' ],
40 silly audit   '@inquirer/select': [ '4.4.2' ],
40 silly audit   '@inquirer/type': [ '3.0.10' ],
40 silly audit   '@isaacs/cliui': [ '9.0.0' ],
40 silly audit   '@isaacs/fs-minipass': [ '4.0.1' ],
40 silly audit   '@istanbuljs/schema': [ '0.1.3' ],
40 silly audit   '@jridgewell/gen-mapping': [ '0.3.13' ],
40 silly audit   '@jridgewell/remapping': [ '2.3.5' ],
40 silly audit   '@jridgewell/resolve-uri': [ '3.1.2' ],
40 silly audit   '@jridgewell/sourcemap-codec': [ '1.5.5' ],
40 silly audit   '@jridgewell/trace-mapping': [ '0.3.31' ],
40 silly audit   '@listr2/prompt-adapter-inquirer': [ '3.0.5' ],
40 silly audit   '@lmdb/lmdb-darwin-arm64': [ '3.4.4' ],
40 silly audit   '@lmdb/lmdb-darwin-x64': [ '3.4.4' ],
40 silly audit   '@lmdb/lmdb-linux-arm': [ '3.4.4' ],
40 silly audit   '@lmdb/lmdb-linux-arm64': [ '3.4.4' ],
40 silly audit   '@lmdb/lmdb-linux-x64': [ '3.4.4' ],
40 silly audit   '@lmdb/lmdb-win32-arm64': [ '3.4.4' ],
40 silly audit   '@lmdb/lmdb-win32-x64': [ '3.4.4' ],
40 silly audit   '@modelcontextprotocol/sdk': [ '1.26.0' ],
40 silly audit   '@msgpackr-extract/msgpackr-extract-darwin-arm64': [ '3.0.3' ],
40 silly audit   '@msgpackr-extract/msgpackr-extract-darwin-x64': [ '3.0.3' ],
40 silly audit   '@msgpackr-extract/msgpackr-extract-linux-arm': [ '3.0.3' ],
40 silly audit   '@msgpackr-extract/msgpackr-extract-linux-arm64': [ '3.0.3' ],
40 silly audit   '@msgpackr-extract/msgpackr-extract-linux-x64': [ '3.0.3' ],
40 silly audit   '@msgpackr-extract/msgpackr-extract-win32-x64': [ '3.0.3' ],
40 silly audit   '@napi-rs/nice': [ '1.1.1' ],
40 silly audit   '@napi-rs/nice-android-arm-eabi': [ '1.1.1' ],
40 silly audit   '@napi-rs/nice-android-arm64': [ '1.1.1' ],
40 silly audit   '@napi-rs/nice-darwin-arm64': [ '1.1.1' ],
40 silly audit   '@napi-rs/nice-darwin-x64': [ '1.1.1' ],
40 silly audit   '@napi-rs/nice-freebsd-x64': [ '1.1.1' ],
40 silly audit   '@napi-rs/nice-linux-arm-gnueabihf': [ '1.1.1' ],
40 silly audit   '@napi-rs/nice-linux-arm64-gnu': [ '1.1.1' ],
40 silly audit   '@napi-rs/nice-linux-arm64-musl': [ '1.1.1' ],
40 silly audit   '@napi-rs/nice-linux-ppc64-gnu': [ '1.1.1' ],
40 silly audit   '@napi-rs/nice-linux-riscv64-gnu': [ '1.1.1' ],
40 silly audit   '@napi-rs/nice-linux-s390x-gnu': [ '1.1.1' ],
40 silly audit   '@napi-rs/nice-linux-x64-gnu': [ '1.1.1' ],
40 silly audit   '@napi-rs/nice-linux-x64-musl': [ '1.1.1' ],
40 silly audit   '@napi-rs/nice-openharmony-arm64': [ '1.1.1' ],
40 silly audit   '@napi-rs/nice-win32-arm64-msvc': [ '1.1.1' ],
40 silly audit   '@napi-rs/nice-win32-ia32-msvc': [ '1.1.1' ],
40 silly audit   '@napi-rs/nice-win32-x64-msvc': [ '1.1.1' ],
40 silly audit   '@napi-rs/wasm-runtime': [ '1.1.1' ],
40 silly audit   '@npmcli/agent': [ '4.0.0' ],
40 silly audit   '@npmcli/fs': [ '5.0.0' ],
40 silly audit   '@npmcli/git': [ '7.0.1' ],
40 silly audit   isexe: [ '4.0.0', '2.0.0' ],
40 silly audit   which: [ '6.0.1', '2.0.2' ],
40 silly audit   '@npmcli/installed-package-contents': [ '4.0.0' ],
40 silly audit   '@npmcli/node-gyp': [ '5.0.0' ],
40 silly audit   '@npmcli/package-json': [ '7.0.4' ],
40 silly audit   '@npmcli/promise-spawn': [ '9.0.1' ],
40 silly audit   '@npmcli/redact': [ '4.0.0' ],
40 silly audit   '@npmcli/run-script': [ '10.0.3' ],
40 silly audit   '@oxc-project/types': [ '0.106.0' ],
40 silly audit   '@parcel/watcher': [ '2.5.6' ],
40 silly audit   '@parcel/watcher-android-arm64': [ '2.5.6' ],
40 silly audit   '@parcel/watcher-darwin-arm64': [ '2.5.6' ],
40 silly audit   '@parcel/watcher-darwin-x64': [ '2.5.6' ],
40 silly audit   '@parcel/watcher-freebsd-x64': [ '2.5.6' ],
40 silly audit   '@parcel/watcher-linux-arm-glibc': [ '2.5.6' ],
40 silly audit   '@parcel/watcher-linux-arm-musl': [ '2.5.6' ],
40 silly audit   '@parcel/watcher-linux-arm64-glibc': [ '2.5.6' ],
40 silly audit   '@parcel/watcher-linux-arm64-musl': [ '2.5.6' ],
40 silly audit   '@parcel/watcher-linux-x64-glibc': [ '2.5.6' ],
40 silly audit   '@parcel/watcher-linux-x64-musl': [ '2.5.6' ],
40 silly audit   '@parcel/watcher-win32-arm64': [ '2.5.6' ],
40 silly audit   '@parcel/watcher-win32-ia32': [ '2.5.6' ],
40 silly audit   '@parcel/watcher-win32-x64': [ '2.5.6' ],
40 silly audit   'node-addon-api': [ '7.1.1', '6.1.0' ],
40 silly audit   '@rolldown/binding-android-arm64': [ '1.0.0-beta.58' ],
40 silly audit   '@rolldown/binding-darwin-arm64': [ '1.0.0-beta.58' ],
40 silly audit   '@rolldown/binding-darwin-x64': [ '1.0.0-beta.58' ],
40 silly audit   '@rolldown/binding-freebsd-x64': [ '1.0.0-beta.58' ],
40 silly audit   '@rolldown/binding-linux-arm-gnueabihf': [ '1.0.0-beta.58' ],
40 silly audit   '@rolldown/binding-linux-arm64-gnu': [ '1.0.0-beta.58' ],
40 silly audit   '@rolldown/binding-linux-arm64-musl': [ '1.0.0-beta.58' ],
40 silly audit   '@rolldown/binding-linux-x64-gnu': [ '1.0.0-beta.58' ],
40 silly audit   '@rolldown/binding-linux-x64-musl': [ '1.0.0-beta.58' ],
40 silly audit   '@rolldown/binding-openharmony-arm64': [ '1.0.0-beta.58' ],
40 silly audit   '@rolldown/binding-wasm32-wasi': [ '1.0.0-beta.58' ],
40 silly audit   '@rolldown/binding-win32-arm64-msvc': [ '1.0.0-beta.58' ],
40 silly audit   '@rolldown/binding-win32-x64-msvc': [ '1.0.0-beta.58' ],
40 silly audit   '@rolldown/pluginutils': [ '1.0.0-beta.58' ],
40 silly audit   '@rollup/rollup-android-arm-eabi': [ '4.57.1' ],
40 silly audit   '@rollup/rollup-android-arm64': [ '4.57.1' ],
40 silly audit   '@rollup/rollup-darwin-arm64': [ '4.57.1' ],
40 silly audit   '@rollup/rollup-darwin-x64': [ '4.57.1' ],
40 silly audit   '@rollup/rollup-freebsd-arm64': [ '4.57.1' ],
40 silly audit   '@rollup/rollup-freebsd-x64': [ '4.57.1' ],
40 silly audit   '@rollup/rollup-linux-arm-gnueabihf': [ '4.57.1' ],
40 silly audit   '@rollup/rollup-linux-arm-musleabihf': [ '4.57.1' ],
40 silly audit   '@rollup/rollup-linux-arm64-gnu': [ '4.57.1' ],
40 silly audit   '@rollup/rollup-linux-arm64-musl': [ '4.57.1' ],
40 silly audit   '@rollup/rollup-linux-loong64-gnu': [ '4.57.1' ],
40 silly audit   '@rollup/rollup-linux-loong64-musl': [ '4.57.1' ],
40 silly audit   '@rollup/rollup-linux-ppc64-gnu': [ '4.57.1' ],
40 silly audit   '@rollup/rollup-linux-ppc64-musl': [ '4.57.1' ],
40 silly audit   '@rollup/rollup-linux-riscv64-gnu': [ '4.57.1' ],
40 silly audit   '@rollup/rollup-linux-riscv64-musl': [ '4.57.1' ],
40 silly audit   '@rollup/rollup-linux-s390x-gnu': [ '4.57.1' ],
40 silly audit   '@rollup/rollup-linux-x64-gnu': [ '4.57.1' ],
40 silly audit   '@rollup/rollup-linux-x64-musl': [ '4.57.1' ],
40 silly audit   '@rollup/rollup-openbsd-x64': [ '4.57.1' ],
40 silly audit   '@rollup/rollup-openharmony-arm64': [ '4.57.1' ],
40 silly audit   '@rollup/rollup-win32-arm64-msvc': [ '4.57.1' ],
40 silly audit   '@rollup/rollup-win32-ia32-msvc': [ '4.57.1' ],
40 silly audit   '@rollup/rollup-win32-x64-gnu': [ '4.57.1' ],
40 silly audit   '@rollup/rollup-win32-x64-msvc': [ '4.57.1' ],
40 silly audit   '@schematics/angular': [ '21.1.4' ],
40 silly audit   '@sigstore/bundle': [ '4.0.0' ],
40 silly audit   '@sigstore/core': [ '3.1.0' ],
40 silly audit   '@sigstore/protobuf-specs': [ '0.5.0' ],
40 silly audit   '@sigstore/sign': [ '4.1.0' ],
40 silly audit   '@sigstore/tuf': [ '4.0.1' ],
40 silly audit   '@sigstore/verify': [ '3.1.0' ],
40 silly audit   '@standard-schema/spec': [ '1.1.0' ],
40 silly audit   '@tufjs/canonical-json': [ '2.0.0' ],
40 silly audit   '@tufjs/models': [ '4.1.0' ],
40 silly audit   '@tybys/wasm-util': [ '0.10.1' ],
40 silly audit   '@types/chai': [ '5.2.3' ],
40 silly audit   '@types/deep-eql': [ '4.0.2' ],
40 silly audit   '@types/estree': [ '1.0.8' ],
40 silly audit   '@vitejs/plugin-basic-ssl': [ '2.1.0' ],
40 silly audit   '@vitest/expect': [ '4.0.18' ],
40 silly audit   '@vitest/mocker': [ '4.0.18' ],
40 silly audit   '@vitest/pretty-format': [ '4.0.18' ],
40 silly audit   '@vitest/runner': [ '4.0.18' ],
40 silly audit   '@vitest/snapshot': [ '4.0.18' ],
40 silly audit   '@vitest/spy': [ '4.0.18' ],
40 silly audit   '@vitest/utils': [ '4.0.18' ],
40 silly audit   '@yarnpkg/lockfile': [ '1.1.0' ],
40 silly audit   abbrev: [ '4.0.0' ],
40 silly audit   accepts: [ '2.0.0' ],
40 silly audit   'agent-base': [ '7.1.4' ],
40 silly audit   ajv: [ '8.17.1' ],
40 silly audit   'ajv-formats': [ '3.0.1' ],
40 silly audit   algoliasearch: [ '5.46.2' ],
40 silly audit   'ansi-escapes': [ '7.3.0' ],
40 silly audit   'ansi-regex': [ '6.2.2', '5.0.1' ],
40 silly audit   'ansi-styles': [ '6.2.3', '4.3.0' ],
40 silly audit   'assertion-error': [ '2.0.1' ],
40 silly audit   'balanced-match': [ '4.0.2' ],
40 silly audit   'baseline-browser-mapping': [ '2.9.19' ],
40 silly audit   beasties: [ '0.3.5' ],
40 silly audit   'bidi-js': [ '1.0.3' ],
40 silly audit   'body-parser': [ '2.2.2' ],
40 silly audit   boolbase: [ '1.0.0' ],
40 silly audit   bootstrap: [ '4.6.2' ],
40 silly audit   'brace-expansion': [ '5.0.2' ],
40 silly audit   browserslist: [ '4.28.1' ],
40 silly audit   'buffer-from': [ '1.1.2' ],
40 silly audit   bytes: [ '3.1.2' ],
40 silly audit   cacache: [ '20.0.3' ],
40 silly audit   'call-bind-apply-helpers': [ '1.0.2' ],
40 silly audit   'call-bound': [ '1.0.4' ],
40 silly audit   'caniuse-lite': [ '1.0.30001770' ],
40 silly audit   chai: [ '6.2.2' ],
40 silly audit   chalk: [ '5.6.2' ],
40 silly audit   chardet: [ '2.1.1' ],
40 silly audit   chokidar: [ '5.0.0', '4.0.3' ],
40 silly audit   chownr: [ '3.0.0' ],
40 silly audit   'cli-cursor': [ '5.0.0' ],
40 silly audit   'cli-spinners': [ '3.4.0' ],
40 silly audit   'cli-truncate': [ '5.1.1' ],
40 silly audit   'cli-width': [ '4.1.0' ],
40 silly audit   cliui: [ '9.0.1' ],
40 silly audit   'string-width': [ '7.2.0', '8.1.1', '4.2.3' ],
40 silly audit   'wrap-ansi': [ '9.0.2', '6.2.0' ],
40 silly audit   'color-convert': [ '2.0.1' ],
40 silly audit   'color-name': [ '1.1.4' ],
40 silly audit   colorette: [ '2.0.20' ],
40 silly audit   'content-disposition': [ '1.0.1' ],
40 silly audit   'content-type': [ '1.0.5' ],
40 silly audit   cookie: [ '0.7.2' ],
40 silly audit   'cookie-signature': [ '1.2.2' ],
40 silly audit   cors: [ '2.8.6' ],
40 silly audit   'cross-spawn': [ '7.0.6' ],
40 silly audit   'css-select': [ '6.0.0' ],
40 silly audit   'css-tree': [ '3.1.0' ],
40 silly audit   'css-what': [ '7.0.0' ],
40 silly audit   cssstyle: [ '5.3.7' ],
40 silly audit   'data-urls': [ '6.0.1' ],
40 silly audit   'whatwg-mimetype': [ '5.0.0', '4.0.0' ],
40 silly audit   debug: [ '4.4.3' ],
40 silly audit   'decimal.js': [ '10.6.0' ],
40 silly audit   depd: [ '2.0.0' ],
40 silly audit   'detect-libc': [ '2.1.2' ],
40 silly audit   'dom-serializer': [ '2.0.0' ],
40 silly audit   domelementtype: [ '2.3.0' ],
40 silly audit   domhandler: [ '5.0.3' ],
40 silly audit   domutils: [ '3.2.2' ],
40 silly audit   'dunder-proto': [ '1.0.1' ],
40 silly audit   'ee-first': [ '1.1.1' ],
40 silly audit   'electron-to-chromium': [ '1.5.286' ],
40 silly audit   'emoji-regex': [ '10.6.0', '8.0.0' ],
40 silly audit   encodeurl: [ '2.0.0' ],
40 silly audit   encoding: [ '0.1.13' ],
40 silly audit   'iconv-lite': [ '0.6.3', '0.7.2' ],
40 silly audit   entities: [ '4.5.0', '7.0.1', '6.0.1' ],
40 silly audit   'env-paths': [ '2.2.1' ],
40 silly audit   environment: [ '1.1.0' ],
40 silly audit   'err-code': [ '2.0.3' ],
40 silly audit   'es-define-property': [ '1.0.1' ],
40 silly audit   'es-errors': [ '1.3.0' ],
40 silly audit   'es-module-lexer': [ '1.7.0' ],
40 silly audit   'es-object-atoms': [ '1.1.1' ],
40 silly audit   esbuild: [ '0.27.2' ],
40 silly audit   escalade: [ '3.2.0' ],
40 silly audit   'escape-html': [ '1.0.3' ],
40 silly audit   'estree-walker': [ '3.0.3' ],
40 silly audit   etag: [ '1.8.1' ],
40 silly audit   eventemitter3: [ '5.0.4' ],
40 silly audit   eventsource: [ '3.0.7' ],
40 silly audit   'eventsource-parser': [ '3.0.6' ],
40 silly audit   'expect-type': [ '1.3.0' ],
40 silly audit   'exponential-backoff': [ '3.1.3' ],
40 silly audit   express: [ '5.2.1' ],
40 silly audit   'express-rate-limit': [ '8.2.1' ],
40 silly audit   'fast-deep-equal': [ '3.1.3' ],
40 silly audit   'fast-uri': [ '3.1.0' ],
40 silly audit   fdir: [ '6.5.0' ],
40 silly audit   finalhandler: [ '2.1.1' ],
40 silly audit   forwarded: [ '0.2.0' ],
40 silly audit   fresh: [ '2.0.0' ],
40 silly audit   'fs-minipass': [ '3.0.3' ],
40 silly audit   fsevents: [ '2.3.3' ],
40 silly audit   'function-bind': [ '1.1.2' ],
40 silly audit   gensync: [ '1.0.0-beta.2' ],
40 silly audit   'get-caller-file': [ '2.0.5' ],
40 silly audit   'get-east-asian-width': [ '1.4.0' ],
40 silly audit   'get-intrinsic': [ '1.3.0' ],
40 silly audit   'get-proto': [ '1.0.1' ],
40 silly audit   glob: [ '13.0.5' ],
40 silly audit   'glob-to-regexp': [ '0.4.1' ],
40 silly audit   gopd: [ '1.2.0' ],
40 silly audit   'graceful-fs': [ '4.2.11' ],
40 silly audit   'has-symbols': [ '1.1.0' ],
40 silly audit   hasown: [ '2.0.2' ],
40 silly audit   hono: [ '4.11.9' ],
40 silly audit   'hosted-git-info': [ '9.0.2' ],
40 silly audit   'html-encoding-sniffer': [ '6.0.0' ],
40 silly audit   htmlparser2: [ '10.1.0' ],
40 silly audit   'http-cache-semantics': [ '4.2.0' ],
40 silly audit   'http-errors': [ '2.0.1' ],
40 silly audit   'http-proxy-agent': [ '7.0.2' ],
40 silly audit   'https-proxy-agent': [ '7.0.6' ],
40 silly audit   'ignore-walk': [ '8.0.0' ],
40 silly audit   immutable: [ '5.1.4' ],
40 silly audit   imurmurhash: [ '0.1.4' ],
40 silly audit   inherits: [ '2.0.4' ],
40 silly audit   ini: [ '6.0.0' ],
40 silly audit   'ip-address': [ '10.0.1' ],
40 silly audit   'ipaddr.js': [ '1.9.1' ],
40 silly audit   'is-core-module': [ '2.16.1' ],
40 silly audit   'is-extglob': [ '2.1.1' ],
40 silly audit   'is-fullwidth-code-point': [ '5.1.0', '3.0.0' ],
40 silly audit   'is-glob': [ '4.0.3' ],
40 silly audit   'is-interactive': [ '2.0.0' ],
40 silly audit   'is-potential-custom-element-name': [ '1.0.1' ],
40 silly audit   'is-promise': [ '4.0.0' ],
40 silly audit   'is-unicode-supported': [ '2.1.0' ],
40 silly audit   'istanbul-lib-coverage': [ '3.2.2' ],
40 silly audit   'istanbul-lib-instrument': [ '6.0.3' ],
40 silly audit   jackspeak: [ '4.2.3' ],
40 silly audit   jose: [ '6.1.3' ],
40 silly audit   jquery: [ '3.7.1' ],
40 silly audit   'js-tokens': [ '4.0.0' ],
40 silly audit   jsdom: [ '27.4.0' ],
40 silly audit   jsesc: [ '3.1.0' ],
40 silly audit   'json-parse-even-better-errors': [ '5.0.0' ],
40 silly audit   'json-schema-traverse': [ '1.0.0' ],
40 silly audit   'json-schema-typed': [ '8.0.2' ],
40 silly audit   json5: [ '2.2.3' ],
40 silly audit   'jsonc-parser': [ '3.3.1' ],
40 silly audit   jsonparse: [ '1.3.1' ],
40 silly audit   listr2: [ '9.0.5' ],
40 silly audit   lmdb: [ '3.4.4' ],
40 silly audit   'log-symbols': [ '7.0.1' ],
40 silly audit   'log-update': [ '6.1.0' ],
40 silly audit   'magic-string': [ '0.30.21' ],
40 silly audit   'make-fetch-happen': [ '15.0.3' ],
40 silly audit   'math-intrinsics': [ '1.1.0' ],
40 silly audit   'mdn-data': [ '2.12.2' ],
40 silly audit   'media-typer': [ '1.1.0' ],
40 silly audit   'merge-descriptors': [ '2.0.0' ],
40 silly audit   'mime-db': [ '1.54.0' ],
40 silly audit   'mime-types': [ '3.0.2' ],
40 silly audit   'mimic-function': [ '5.0.1' ],
40 silly audit   minimatch: [ '10.2.1' ],
40 silly audit   minipass: [ '7.1.2', '3.3.6' ],
40 silly audit   'minipass-collect': [ '2.0.1' ],
40 silly audit   'minipass-fetch': [ '5.0.1' ],
40 silly audit   'minipass-flush': [ '1.0.5' ],
40 silly audit   yallist: [ '4.0.0', '5.0.0', '3.1.1' ],
40 silly audit   'minipass-pipeline': [ '1.2.4' ],
40 silly audit   'minipass-sized': [ '2.0.0' ],
40 silly audit   minizlib: [ '3.1.0' ],
40 silly audit   mrmime: [ '2.0.1' ],
40 silly audit   ms: [ '2.1.3' ],
40 silly audit   msgpackr: [ '1.11.8' ],
40 silly audit   'msgpackr-extract': [ '3.0.3' ],
40 silly audit   'mute-stream': [ '2.0.0' ],
40 silly audit   nanoid: [ '3.3.11' ],
40 silly audit   negotiator: [ '1.0.0' ],
40 silly audit   'node-gyp': [ '12.2.0' ],
40 silly audit   'node-gyp-build-optional-packages': [ '5.2.2' ],
40 silly audit   'node-releases': [ '2.0.27' ],
40 silly audit   nopt: [ '9.0.0' ],
40 silly audit   'npm-bundled': [ '5.0.0' ],
40 silly audit   'npm-install-checks': [ '8.0.0' ],
40 silly audit   'npm-normalize-package-bin': [ '5.0.0' ],
40 silly audit   'npm-package-arg': [ '13.0.2' ],
40 silly audit   'npm-packlist': [ '10.0.3' ],
40 silly audit   'npm-pick-manifest': [ '11.0.3' ],
40 silly audit   'npm-registry-fetch': [ '19.1.1' ],
40 silly audit   'nth-check': [ '2.1.1' ],
40 silly audit   'object-assign': [ '4.1.1' ],
40 silly audit   'object-inspect': [ '1.13.4' ],
40 silly audit   obug: [ '2.1.1' ],
40 silly audit   'on-finished': [ '2.4.1' ],
40 silly audit   once: [ '1.4.0' ],
40 silly audit   onetime: [ '7.0.0' ],
40 silly audit   ora: [ '9.0.0' ],
40 silly audit   'ordered-binary': [ '1.6.1' ],
40 silly audit   'p-map': [ '7.0.4' ],
40 silly audit   pacote: [ '21.0.4' ],
40 silly audit   parse5: [ '8.0.0' ],
40 silly audit   'parse5-html-rewriting-stream': [ '8.0.0' ],
40 silly audit   'parse5-sax-parser': [ '8.0.0' ],
40 silly audit   parseurl: [ '1.3.3' ],
40 silly audit   'path-key': [ '3.1.1' ],
40 silly audit   'path-parse': [ '1.0.7' ],
40 silly audit   'path-scurry': [ '2.0.1' ],
40 silly audit   'path-to-regexp': [ '8.3.0' ],
40 silly audit   pathe: [ '2.0.3' ],
40 silly audit   picocolors: [ '1.1.1' ],
40 silly audit   picomatch: [ '4.0.3' ],
40 silly audit   piscina: [ '5.1.4' ],
40 silly audit   'pkce-challenge': [ '5.0.1' ],
40 silly audit   'popper.js': [ '1.16.1' ],
40 silly audit   postcss: [ '8.5.6' ],
40 silly audit   'postcss-media-query-parser': [ '0.2.3' ],
40 silly audit   'proc-log': [ '6.1.0' ],
40 silly audit   'promise-retry': [ '2.0.1' ],
40 silly audit   'proxy-addr': [ '2.0.7' ],
40 silly audit   punycode: [ '2.3.1' ],
40 silly audit   qs: [ '6.15.0' ],
40 silly audit   'range-parser': [ '1.2.1' ],
40 silly audit   'raw-body': [ '3.0.2' ],
40 silly audit   readdirp: [ '5.0.0', '4.1.2' ],
40 silly audit   'reflect-metadata': [ '0.2.2' ],
40 silly audit   'require-from-string': [ '2.0.2' ],
40 silly audit   resolve: [ '1.22.11' ],
40 silly audit   'restore-cursor': [ '5.1.0' ],
40 silly audit   retry: [ '0.12.0' ],
40 silly audit   rfdc: [ '1.4.1' ],
40 silly audit   rolldown: [ '1.0.0-beta.58' ],
40 silly audit   rollup: [ '4.57.1' ],
40 silly audit   router: [ '2.2.0' ],
40 silly audit   rxjs: [ '7.8.2' ],
40 silly audit   'safer-buffer': [ '2.1.2' ],
40 silly audit   sass: [ '1.97.1' ],
40 silly audit   saxes: [ '6.0.0' ],
40 silly audit   send: [ '1.2.1' ],
40 silly audit   'serve-static': [ '2.2.1' ],
40 silly audit   setprototypeof: [ '1.2.0' ],
40 silly audit   'shebang-command': [ '2.0.0' ],
40 silly audit   'shebang-regex': [ '3.0.0' ],
40 silly audit   'side-channel': [ '1.1.0' ],
40 silly audit   'side-channel-list': [ '1.0.0' ],
40 silly audit   'side-channel-map': [ '1.0.1' ],
40 silly audit   'side-channel-weakmap': [ '1.0.2' ],
40 silly audit   siginfo: [ '2.0.0' ],
40 silly audit   'signal-exit': [ '4.1.0' ],
40 silly audit   sigstore: [ '4.1.0' ],
40 silly audit   'slice-ansi': [ '7.1.2' ],
40 silly audit   'smart-buffer': [ '4.2.0' ],
40 silly audit   socks: [ '2.8.7' ],
40 silly audit   'socks-proxy-agent': [ '8.0.5' ],
40 silly audit   'source-map': [ '0.7.6', '0.6.1' ],
40 silly audit   'source-map-js': [ '1.2.1' ],
40 silly audit   'source-map-support': [ '0.5.21' ],
40 silly audit   'spdx-correct': [ '3.2.0' ],
40 silly audit   'spdx-exceptions': [ '2.5.0' ],
40 silly audit   'spdx-expression-parse': [ '3.0.1' ],
40 silly audit   'spdx-license-ids': [ '3.0.22' ],
40 silly audit   ssri: [ '13.0.1' ],
40 silly audit   stackback: [ '0.0.2' ],
40 silly audit   statuses: [ '2.0.2' ],
40 silly audit   'std-env': [ '3.10.0' ],
40 silly audit   'stdin-discarder': [ '0.2.2' ],
40 silly audit   'strip-ansi': [ '7.1.2', '6.0.1' ],
40 silly audit   'supports-preserve-symlinks-flag': [ '1.0.0' ],
40 silly audit   'symbol-tree': [ '3.2.4' ],
40 silly audit   tar: [ '7.5.9' ],
40 silly audit   tinybench: [ '2.9.0' ],
40 silly audit   tinyexec: [ '1.0.2' ],
40 silly audit   tinyglobby: [ '0.2.15' ],
40 silly audit   tinyrainbow: [ '3.0.3' ],
40 silly audit   tldts: [ '7.0.23' ],
40 silly audit   'tldts-core': [ '7.0.23' ],
40 silly audit   toidentifier: [ '1.0.1' ],
40 silly audit   'tough-cookie': [ '6.0.0' ],
40 silly audit   tr46: [ '6.0.0' ],
40 silly audit   tslib: [ '2.8.1' ],
40 silly audit   'tuf-js': [ '4.1.0' ],
40 silly audit   'type-is': [ '2.0.1' ],
40 silly audit   typescript: [ '5.9.3' ],
40 silly audit   undici: [ '7.20.0' ],
40 silly audit   'unique-filename': [ '5.0.0' ],
40 silly audit   'unique-slug': [ '6.0.0' ],
40 silly audit   unpipe: [ '1.0.0' ],
40 silly audit   'update-browserslist-db': [ '1.2.3' ],
40 silly audit   'validate-npm-package-license': [ '3.0.4' ],
40 silly audit   'validate-npm-package-name': [ '7.0.2' ],
40 silly audit   vary: [ '1.1.2' ],
40 silly audit   vite: [ '7.3.0' ],
40 silly audit   vitest: [ '4.0.18' ],
40 silly audit   'w3c-xmlserializer': [ '5.0.0' ],
40 silly audit   watchpack: [ '2.5.0' ],
40 silly audit   'weak-lru-cache': [ '1.2.2' ],
40 silly audit   'webidl-conversions': [ '8.0.1' ],
40 silly audit   'whatwg-url': [ '15.1.0' ],
40 silly audit   'why-is-node-running': [ '2.3.0' ],
40 silly audit   wrappy: [ '1.0.2' ],
40 silly audit   ws: [ '8.19.0' ],
40 silly audit   'xml-name-validator': [ '5.0.0' ],
40 silly audit   xmlchars: [ '2.2.0' ],
40 silly audit   y18n: [ '5.0.8' ],
40 silly audit   yargs: [ '18.0.0' ],
40 silly audit   'yargs-parser': [ '22.0.0' ],
40 silly audit   yoctocolors: [ '2.1.2' ],
40 silly audit   'yoctocolors-cjs': [ '2.1.3' ],
40 silly audit   zod: [ '4.3.5' ],
40 silly audit   'zod-to-json-schema': [ '3.25.1' ],
40 silly audit   'ngx-owl-carousel-o': [ '21.0.0' ]
40 silly audit }
41 verbose reify failed optional dependency /Users/mohitsingh/Documents/CES/CES-website-ng/node_modules/@rollup/rollup-win32-x64-msvc
42 silly reify mark deleted [
42 silly reify   '/Users/mohitsingh/Documents/CES/CES-website-ng/node_modules/@rollup/rollup-win32-x64-msvc'
42 silly reify ]
43 verbose reify failed optional dependency /Users/mohitsingh/Documents/CES/CES-website-ng/node_modules/@rollup/rollup-win32-x64-gnu
44 silly reify mark deleted [
44 silly reify   '/Users/mohitsingh/Documents/CES/CES-website-ng/node_modules/@rollup/rollup-win32-x64-gnu'
44 silly reify ]
45 verbose reify failed optional dependency /Users/mohitsingh/Documents/CES/CES-website-ng/node_modules/@rollup/rollup-win32-ia32-msvc
46 silly reify mark deleted [
46 silly reify   '/Users/mohitsingh/Documents/CES/CES-website-ng/node_modules/@rollup/rollup-win32-ia32-msvc'
46 silly reify ]
47 verbose reify failed optional dependency /Users/mohitsingh/Documents/CES/CES-website-ng/node_modules/@rollup/rollup-win32-arm64-msvc
48 silly reify mark deleted [
48 silly reify   '/Users/mohitsingh/Documents/CES/CES-website-ng/node_modules/@rollup/rollup-win32-arm64-msvc'
48 silly reify ]
49 verbose reify failed optional dependency /Users/mohitsingh/Documents/CES/CES-website-ng/node_modules/@rollup/rollup-openharmony-arm64
50 silly reify mark deleted [
50 silly reify   '/Users/mohitsingh/Documents/CES/CES-website-ng/node_modules/@rollup/rollup-openharmony-arm64'
50 silly reify ]
51 verbose reify failed optional dependency /Users/mohitsingh/Documents/CES/CES-website-ng/node_modules/@rollup/rollup-openbsd-x64
52 silly reify mark deleted [
52 silly reify   '/Users/mohitsingh/Documents/CES/CES-website-ng/node_modules/@rollup/rollup-openbsd-x64'
52 silly reify ]
53 verbose reify failed optional dependency /Users/mohitsingh/Documents/CES/CES-website-ng/node_modules/@rollup/rollup-linux-x64-musl
54 silly reify mark deleted [
54 silly reify   '/Users/mohitsingh/Documents/CES/CES-website-ng/node_modules/@rollup/rollup-linux-x64-musl'
54 silly reify ]
55 verbose reify failed optional dependency /Users/mohitsingh/Documents/CES/CES-website-ng/node_modules/@rollup/rollup-linux-x64-gnu
56 silly reify mark deleted [
56 silly reify   '/Users/mohitsingh/Documents/CES/CES-website-ng/node_modules/@rollup/rollup-linux-x64-gnu'
56 silly reify ]
57 verbose reify failed optional dependency /Users/mohitsingh/Documents/CES/CES-website-ng/node_modules/@rollup/rollup-linux-s390x-gnu
58 silly reify mark deleted [
58 silly reify   '/Users/mohitsingh/Documents/CES/CES-website-ng/node_modules/@rollup/rollup-linux-s390x-gnu'
58 silly reify ]
59 verbose reify failed optional dependency /Users/mohitsingh/Documents/CES/CES-website-ng/node_modules/@rollup/rollup-linux-riscv64-musl
60 silly reify mark deleted [
60 silly reify   '/Users/mohitsingh/Documents/CES/CES-website-ng/node_modules/@rollup/rollup-linux-riscv64-musl'
60 silly reify ]
61 verbose reify failed optional dependency /Users/mohitsingh/Documents/CES/CES-website-ng/node_modules/@rollup/rollup-linux-riscv64-gnu
62 silly reify mark deleted [
62 silly reify   '/Users/mohitsingh/Documents/CES/CES-website-ng/node_modules/@rollup/rollup-linux-riscv64-gnu'
62 silly reify ]
63 verbose reify failed optional dependency /Users/mohitsingh/Documents/CES/CES-website-ng/node_modules/@rollup/rollup-linux-ppc64-musl
64 silly reify mark deleted [
64 silly reify   '/Users/mohitsingh/Documents/CES/CES-website-ng/node_modules/@rollup/rollup-linux-ppc64-musl'
64 silly reify ]
65 verbose reify failed optional dependency /Users/mohitsingh/Documents/CES/CES-website-ng/node_modules/@rollup/rollup-linux-ppc64-gnu
66 silly reify mark deleted [
66 silly reify   '/Users/mohitsingh/Documents/CES/CES-website-ng/node_modules/@rollup/rollup-linux-ppc64-gnu'
66 silly reify ]
67 verbose reify failed optional dependency /Users/mohitsingh/Documents/CES/CES-website-ng/node_modules/@rollup/rollup-linux-loong64-musl
68 silly reify mark deleted [
68 silly reify   '/Users/mohitsingh/Documents/CES/CES-website-ng/node_modules/@rollup/rollup-linux-loong64-musl'
68 silly reify ]
69 verbose reify failed optional dependency /Users/mohitsingh/Documents/CES/CES-website-ng/node_modules/@rollup/rollup-linux-loong64-gnu
70 silly reify mark deleted [
70 silly reify   '/Users/mohitsingh/Documents/CES/CES-website-ng/node_modules/@rollup/rollup-linux-loong64-gnu'
70 silly reify ]
71 verbose reify failed optional dependency /Users/mohitsingh/Documents/CES/CES-website-ng/node_modules/@rollup/rollup-linux-arm64-musl
72 silly reify mark deleted [
72 silly reify   '/Users/mohitsingh/Documents/CES/CES-website-ng/node_modules/@rollup/rollup-linux-arm64-musl'
72 silly reify ]
73 verbose reify failed optional dependency /Users/mohitsingh/Documents/CES/CES-website-ng/node_modules/@rollup/rollup-linux-arm64-gnu
74 silly reify mark deleted [
74 silly reify   '/Users/mohitsingh/Documents/CES/CES-website-ng/node_modules/@rollup/rollup-linux-arm64-gnu'
74 silly reify ]
75 verbose reify failed optional dependency /Users/mohitsingh/Documents/CES/CES-website-ng/node_modules/@rollup/rollup-linux-arm-musleabihf
76 silly reify mark deleted [
76 silly reify   '/Users/mohitsingh/Documents/CES/CES-website-ng/node_modules/@rollup/rollup-linux-arm-musleabihf'
76 silly reify ]
77 verbose reify failed optional dependency /Users/mohitsingh/Documents/CES/CES-website-ng/node_modules/@rollup/rollup-linux-arm-gnueabihf
78 silly reify mark deleted [
78 silly reify   '/Users/mohitsingh/Documents/CES/CES-website-ng/node_modules/@rollup/rollup-linux-arm-gnueabihf'
78 silly reify ]
79 verbose reify failed optional dependency /Users/mohitsingh/Documents/CES/CES-website-ng/node_modules/@rollup/rollup-freebsd-x64
80 silly reify mark deleted [
80 silly reify   '/Users/mohitsingh/Documents/CES/CES-website-ng/node_modules/@rollup/rollup-freebsd-x64'
80 silly reify ]
81 verbose reify failed optional dependency /Users/mohitsingh/Documents/CES/CES-website-ng/node_modules/@rollup/rollup-freebsd-arm64
82 silly reify mark deleted [
82 silly reify   '/Users/mohitsingh/Documents/CES/CES-website-ng/node_modules/@rollup/rollup-freebsd-arm64'
82 silly reify ]
83 verbose reify failed optional dependency /Users/mohitsingh/Documents/CES/CES-website-ng/node_modules/@rollup/rollup-darwin-x64
84 silly reify mark deleted [
84 silly reify   '/Users/mohitsingh/Documents/CES/CES-website-ng/node_modules/@rollup/rollup-darwin-x64'
84 silly reify ]
85 verbose reify failed optional dependency /Users/mohitsingh/Documents/CES/CES-website-ng/node_modules/@rollup/rollup-android-arm64
86 silly reify mark deleted [
86 silly reify   '/Users/mohitsingh/Documents/CES/CES-website-ng/node_modules/@rollup/rollup-android-arm64'
86 silly reify ]
87 verbose reify failed optional dependency /Users/mohitsingh/Documents/CES/CES-website-ng/node_modules/@rollup/rollup-android-arm-eabi
88 silly reify mark deleted [
88 silly reify   '/Users/mohitsingh/Documents/CES/CES-website-ng/node_modules/@rollup/rollup-android-arm-eabi'
88 silly reify ]
89 verbose reify failed optional dependency /Users/mohitsingh/Documents/CES/CES-website-ng/node_modules/@rolldown/binding-win32-x64-msvc
90 silly reify mark deleted [
90 silly reify   '/Users/mohitsingh/Documents/CES/CES-website-ng/node_modules/@rolldown/binding-win32-x64-msvc'
90 silly reify ]
91 verbose reify failed optional dependency /Users/mohitsingh/Documents/CES/CES-website-ng/node_modules/@rolldown/binding-win32-arm64-msvc
92 silly reify mark deleted [
92 silly reify   '/Users/mohitsingh/Documents/CES/CES-website-ng/node_modules/@rolldown/binding-win32-arm64-msvc'
92 silly reify ]
93 verbose reify failed optional dependency /Users/mohitsingh/Documents/CES/CES-website-ng/node_modules/@rolldown/binding-wasm32-wasi
94 silly reify mark deleted [
94 silly reify   '/Users/mohitsingh/Documents/CES/CES-website-ng/node_modules/@rolldown/binding-wasm32-wasi'
94 silly reify ]
95 verbose reify failed optional dependency /Users/mohitsingh/Documents/CES/CES-website-ng/node_modules/@napi-rs/wasm-runtime
96 silly reify mark deleted [
96 silly reify   '/Users/mohitsingh/Documents/CES/CES-website-ng/node_modules/@napi-rs/wasm-runtime'
96 silly reify ]
97 verbose reify failed optional dependency /Users/mohitsingh/Documents/CES/CES-website-ng/node_modules/@emnapi/core
98 silly reify mark deleted [
98 silly reify   '/Users/mohitsingh/Documents/CES/CES-website-ng/node_modules/@emnapi/core'
98 silly reify ]
99 verbose reify failed optional dependency /Users/mohitsingh/Documents/CES/CES-website-ng/node_modules/@emnapi/runtime
100 silly reify mark deleted [
100 silly reify   '/Users/mohitsingh/Documents/CES/CES-website-ng/node_modules/@emnapi/runtime'
100 silly reify ]
101 verbose reify failed optional dependency /Users/mohitsingh/Documents/CES/CES-website-ng/node_modules/@tybys/wasm-util
102 silly reify mark deleted [
102 silly reify   '/Users/mohitsingh/Documents/CES/CES-website-ng/node_modules/@tybys/wasm-util'
102 silly reify ]
103 verbose reify failed optional dependency /Users/mohitsingh/Documents/CES/CES-website-ng/node_modules/@emnapi/wasi-threads
104 silly reify mark deleted [
104 silly reify   '/Users/mohitsingh/Documents/CES/CES-website-ng/node_modules/@emnapi/wasi-threads'
104 silly reify ]
105 verbose reify failed optional dependency /Users/mohitsingh/Documents/CES/CES-website-ng/node_modules/@rolldown/binding-openharmony-arm64
106 silly reify mark deleted [
106 silly reify   '/Users/mohitsingh/Documents/CES/CES-website-ng/node_modules/@rolldown/binding-openharmony-arm64'
106 silly reify ]
107 verbose reify failed optional dependency /Users/mohitsingh/Documents/CES/CES-website-ng/node_modules/@rolldown/binding-linux-x64-musl
108 silly reify mark deleted [
108 silly reify   '/Users/mohitsingh/Documents/CES/CES-website-ng/node_modules/@rolldown/binding-linux-x64-musl'
108 silly reify ]
109 verbose reify failed optional dependency /Users/mohitsingh/Documents/CES/CES-website-ng/node_modules/@rolldown/binding-linux-x64-gnu
110 silly reify mark deleted [
110 silly reify   '/Users/mohitsingh/Documents/CES/CES-website-ng/node_modules/@rolldown/binding-linux-x64-gnu'
110 silly reify ]
111 verbose reify failed optional dependency /Users/mohitsingh/Documents/CES/CES-website-ng/node_modules/@rolldown/binding-linux-arm64-musl
112 silly reify mark deleted [
112 silly reify   '/Users/mohitsingh/Documents/CES/CES-website-ng/node_modules/@rolldown/binding-linux-arm64-musl'
112 silly reify ]
113 verbose reify failed optional dependency /Users/mohitsingh/Documents/CES/CES-website-ng/node_modules/@rolldown/binding-linux-arm64-gnu
114 silly reify mark deleted [
114 silly reify   '/Users/mohitsingh/Documents/CES/CES-website-ng/node_modules/@rolldown/binding-linux-arm64-gnu'
114 silly reify ]
115 verbose reify failed optional dependency /Users/mohitsingh/Documents/CES/CES-website-ng/node_modules/@rolldown/binding-linux-arm-gnueabihf
116 silly reify mark deleted [
116 silly reify   '/Users/mohitsingh/Documents/CES/CES-website-ng/node_modules/@rolldown/binding-linux-arm-gnueabihf'
116 silly reify ]
117 verbose reify failed optional dependency /Users/mohitsingh/Documents/CES/CES-website-ng/node_modules/@rolldown/binding-freebsd-x64
118 silly reify mark deleted [
118 silly reify   '/Users/mohitsingh/Documents/CES/CES-website-ng/node_modules/@rolldown/binding-freebsd-x64'
118 silly reify ]
119 verbose reify failed optional dependency /Users/mohitsingh/Documents/CES/CES-website-ng/node_modules/@rolldown/binding-darwin-x64
120 silly reify mark deleted [
120 silly reify   '/Users/mohitsingh/Documents/CES/CES-website-ng/node_modules/@rolldown/binding-darwin-x64'
120 silly reify ]
121 verbose reify failed optional dependency /Users/mohitsingh/Documents/CES/CES-website-ng/node_modules/@rolldown/binding-android-arm64
122 silly reify mark deleted [
122 silly reify   '/Users/mohitsingh/Documents/CES/CES-website-ng/node_modules/@rolldown/binding-android-arm64'
122 silly reify ]
123 verbose reify failed optional dependency /Users/mohitsingh/Documents/CES/CES-website-ng/node_modules/@parcel/watcher-win32-x64
124 silly reify mark deleted [
124 silly reify   '/Users/mohitsingh/Documents/CES/CES-website-ng/node_modules/@parcel/watcher-win32-x64'
124 silly reify ]
125 verbose reify failed optional dependency /Users/mohitsingh/Documents/CES/CES-website-ng/node_modules/@parcel/watcher-win32-ia32
126 silly reify mark deleted [
126 silly reify   '/Users/mohitsingh/Documents/CES/CES-website-ng/node_modules/@parcel/watcher-win32-ia32'
126 silly reify ]
127 verbose reify failed optional dependency /Users/mohitsingh/Documents/CES/CES-website-ng/node_modules/@parcel/watcher-win32-arm64
128 silly reify mark deleted [
128 silly reify   '/Users/mohitsingh/Documents/CES/CES-website-ng/node_modules/@parcel/watcher-win32-arm64'
128 silly reify ]
129 verbose reify failed optional dependency /Users/mohitsingh/Documents/CES/CES-website-ng/node_modules/@parcel/watcher-linux-x64-musl
130 silly reify mark deleted [
130 silly reify   '/Users/mohitsingh/Documents/CES/CES-website-ng/node_modules/@parcel/watcher-linux-x64-musl'
130 silly reify ]
131 verbose reify failed optional dependency /Users/mohitsingh/Documents/CES/CES-website-ng/node_modules/@parcel/watcher-linux-x64-glibc
132 silly reify mark deleted [
132 silly reify   '/Users/mohitsingh/Documents/CES/CES-website-ng/node_modules/@parcel/watcher-linux-x64-glibc'
132 silly reify ]
133 verbose reify failed optional dependency /Users/mohitsingh/Documents/CES/CES-website-ng/node_modules/@parcel/watcher-linux-arm64-musl
134 silly reify mark deleted [
134 silly reify   '/Users/mohitsingh/Documents/CES/CES-website-ng/node_modules/@parcel/watcher-linux-arm64-musl'
134 silly reify ]
135 verbose reify failed optional dependency /Users/mohitsingh/Documents/CES/CES-website-ng/node_modules/@parcel/watcher-linux-arm64-glibc
136 silly reify mark deleted [
136 silly reify   '/Users/mohitsingh/Documents/CES/CES-website-ng/node_modules/@parcel/watcher-linux-arm64-glibc'
136 silly reify ]
137 verbose reify failed optional dependency /Users/mohitsingh/Documents/CES/CES-website-ng/node_modules/@parcel/watcher-linux-arm-musl
138 silly reify mark deleted [
138 silly reify   '/Users/mohitsingh/Documents/CES/CES-website-ng/node_modules/@parcel/watcher-linux-arm-musl'
138 silly reify ]
139 verbose reify failed optional dependency /Users/mohitsingh/Documents/CES/CES-website-ng/node_modules/@parcel/watcher-linux-arm-glibc
140 silly reify mark deleted [
140 silly reify   '/Users/mohitsingh/Documents/CES/CES-website-ng/node_modules/@parcel/watcher-linux-arm-glibc'
140 silly reify ]
141 verbose reify failed optional dependency /Users/mohitsingh/Documents/CES/CES-website-ng/node_modules/@parcel/watcher-freebsd-x64
142 silly reify mark deleted [
142 silly reify   '/Users/mohitsingh/Documents/CES/CES-website-ng/node_modules/@parcel/watcher-freebsd-x64'
142 silly reify ]
143 verbose reify failed optional dependency /Users/mohitsingh/Documents/CES/CES-website-ng/node_modules/@parcel/watcher-darwin-x64
144 silly reify mark deleted [
144 silly reify   '/Users/mohitsingh/Documents/CES/CES-website-ng/node_modules/@parcel/watcher-darwin-x64'
144 silly reify ]
145 verbose reify failed optional dependency /Users/mohitsingh/Documents/CES/CES-website-ng/node_modules/@parcel/watcher-android-arm64
146 silly reify mark deleted [
146 silly reify   '/Users/mohitsingh/Documents/CES/CES-website-ng/node_modules/@parcel/watcher-android-arm64'
146 silly reify ]
147 verbose reify failed optional dependency /Users/mohitsingh/Documents/CES/CES-website-ng/node_modules/@napi-rs/nice-win32-x64-msvc
148 silly reify mark deleted [
148 silly reify   '/Users/mohitsingh/Documents/CES/CES-website-ng/node_modules/@napi-rs/nice-win32-x64-msvc'
148 silly reify ]
149 verbose reify failed optional dependency /Users/mohitsingh/Documents/CES/CES-website-ng/node_modules/@napi-rs/nice-win32-ia32-msvc
150 silly reify mark deleted [
150 silly reify   '/Users/mohitsingh/Documents/CES/CES-website-ng/node_modules/@napi-rs/nice-win32-ia32-msvc'
150 silly reify ]
151 verbose reify failed optional dependency /Users/mohitsingh/Documents/CES/CES-website-ng/node_modules/@napi-rs/nice-win32-arm64-msvc
152 silly reify mark deleted [
152 silly reify   '/Users/mohitsingh/Documents/CES/CES-website-ng/node_modules/@napi-rs/nice-win32-arm64-msvc'
152 silly reify ]
153 verbose reify failed optional dependency /Users/mohitsingh/Documents/CES/CES-website-ng/node_modules/@napi-rs/nice-openharmony-arm64
154 silly reify mark deleted [
154 silly reify   '/Users/mohitsingh/Documents/CES/CES-website-ng/node_modules/@napi-rs/nice-openharmony-arm64'
154 silly reify ]
155 verbose reify failed optional dependency /Users/mohitsingh/Documents/CES/CES-website-ng/node_modules/@napi-rs/nice-linux-x64-musl
156 silly reify mark deleted [
156 silly reify   '/Users/mohitsingh/Documents/CES/CES-website-ng/node_modules/@napi-rs/nice-linux-x64-musl'
156 silly reify ]
157 verbose reify failed optional dependency /Users/mohitsingh/Documents/CES/CES-website-ng/node_modules/@napi-rs/nice-linux-x64-gnu
158 silly reify mark deleted [
158 silly reify   '/Users/mohitsingh/Documents/CES/CES-website-ng/node_modules/@napi-rs/nice-linux-x64-gnu'
158 silly reify ]
159 verbose reify failed optional dependency /Users/mohitsingh/Documents/CES/CES-website-ng/node_modules/@napi-rs/nice-linux-s390x-gnu
160 silly reify mark deleted [
160 silly reify   '/Users/mohitsingh/Documents/CES/CES-website-ng/node_modules/@napi-rs/nice-linux-s390x-gnu'
160 silly reify ]
161 verbose reify failed optional dependency /Users/mohitsingh/Documents/CES/CES-website-ng/node_modules/@napi-rs/nice-linux-riscv64-gnu
162 silly reify mark deleted [
162 silly reify   '/Users/mohitsingh/Documents/CES/CES-website-ng/node_modules/@napi-rs/nice-linux-riscv64-gnu'
162 silly reify ]
163 verbose reify failed optional dependency /Users/mohitsingh/Documents/CES/CES-website-ng/node_modules/@napi-rs/nice-linux-ppc64-gnu
164 silly reify mark deleted [
164 silly reify   '/Users/mohitsingh/Documents/CES/CES-website-ng/node_modules/@napi-rs/nice-linux-ppc64-gnu'
164 silly reify ]
165 verbose reify failed optional dependency /Users/mohitsingh/Documents/CES/CES-website-ng/node_modules/@napi-rs/nice-linux-arm64-musl
166 silly reify mark deleted [
166 silly reify   '/Users/mohitsingh/Documents/CES/CES-website-ng/node_modules/@napi-rs/nice-linux-arm64-musl'
166 silly reify ]
167 verbose reify failed optional dependency /Users/mohitsingh/Documents/CES/CES-website-ng/node_modules/@napi-rs/nice-linux-arm64-gnu
168 silly reify mark deleted [
168 silly reify   '/Users/mohitsingh/Documents/CES/CES-website-ng/node_modules/@napi-rs/nice-linux-arm64-gnu'
168 silly reify ]
169 verbose reify failed optional dependency /Users/mohitsingh/Documents/CES/CES-website-ng/node_modules/@napi-rs/nice-linux-arm-gnueabihf
170 silly reify mark deleted [
170 silly reify   '/Users/mohitsingh/Documents/CES/CES-website-ng/node_modules/@napi-rs/nice-linux-arm-gnueabihf'
170 silly reify ]
171 verbose reify failed optional dependency /Users/mohitsingh/Documents/CES/CES-website-ng/node_modules/@napi-rs/nice-freebsd-x64
172 silly reify mark deleted [
172 silly reify   '/Users/mohitsingh/Documents/CES/CES-website-ng/node_modules/@napi-rs/nice-freebsd-x64'
172 silly reify ]
173 verbose reify failed optional dependency /Users/mohitsingh/Documents/CES/CES-website-ng/node_modules/@napi-rs/nice-darwin-x64
174 silly reify mark deleted [
174 silly reify   '/Users/mohitsingh/Documents/CES/CES-website-ng/node_modules/@napi-rs/nice-darwin-x64'
174 silly reify ]
175 verbose reify failed optional dependency /Users/mohitsingh/Documents/CES/CES-website-ng/node_modules/@napi-rs/nice-android-arm64
176 silly reify mark deleted [
176 silly reify   '/Users/mohitsingh/Documents/CES/CES-website-ng/node_modules/@napi-rs/nice-android-arm64'
176 silly reify ]
177 verbose reify failed optional dependency /Users/mohitsingh/Documents/CES/CES-website-ng/node_modules/@napi-rs/nice-android-arm-eabi
178 silly reify mark deleted [
178 silly reify   '/Users/mohitsingh/Documents/CES/CES-website-ng/node_modules/@napi-rs/nice-android-arm-eabi'
178 silly reify ]
179 verbose reify failed optional dependency /Users/mohitsingh/Documents/CES/CES-website-ng/node_modules/@msgpackr-extract/msgpackr-extract-win32-x64
180 silly reify mark deleted [
180 silly reify   '/Users/mohitsingh/Documents/CES/CES-website-ng/node_modules/@msgpackr-extract/msgpackr-extract-win32-x64'
180 silly reify ]
181 verbose reify failed optional dependency /Users/mohitsingh/Documents/CES/CES-website-ng/node_modules/@msgpackr-extract/msgpackr-extract-linux-x64
182 silly reify mark deleted [
182 silly reify   '/Users/mohitsingh/Documents/CES/CES-website-ng/node_modules/@msgpackr-extract/msgpackr-extract-linux-x64'
182 silly reify ]
183 verbose reify failed optional dependency /Users/mohitsingh/Documents/CES/CES-website-ng/node_modules/@msgpackr-extract/msgpackr-extract-linux-arm64
184 silly reify mark deleted [
184 silly reify   '/Users/mohitsingh/Documents/CES/CES-website-ng/node_modules/@msgpackr-extract/msgpackr-extract-linux-arm64'
184 silly reify ]
185 verbose reify failed optional dependency /Users/mohitsingh/Documents/CES/CES-website-ng/node_modules/@msgpackr-extract/msgpackr-extract-linux-arm
186 silly reify mark deleted [
186 silly reify   '/Users/mohitsingh/Documents/CES/CES-website-ng/node_modules/@msgpackr-extract/msgpackr-extract-linux-arm'
186 silly reify ]
187 verbose reify failed optional dependency /Users/mohitsingh/Documents/CES/CES-website-ng/node_modules/@msgpackr-extract/msgpackr-extract-darwin-x64
188 silly reify mark deleted [
188 silly reify   '/Users/mohitsingh/Documents/CES/CES-website-ng/node_modules/@msgpackr-extract/msgpackr-extract-darwin-x64'
188 silly reify ]
189 verbose reify failed optional dependency /Users/mohitsingh/Documents/CES/CES-website-ng/node_modules/@lmdb/lmdb-win32-x64
190 silly reify mark deleted [
190 silly reify   '/Users/mohitsingh/Documents/CES/CES-website-ng/node_modules/@lmdb/lmdb-win32-x64'
190 silly reify ]
191 verbose reify failed optional dependency /Users/mohitsingh/Documents/CES/CES-website-ng/node_modules/@lmdb/lmdb-win32-arm64
192 silly reify mark deleted [
192 silly reify   '/Users/mohitsingh/Documents/CES/CES-website-ng/node_modules/@lmdb/lmdb-win32-arm64'
192 silly reify ]
193 verbose reify failed optional dependency /Users/mohitsingh/Documents/CES/CES-website-ng/node_modules/@lmdb/lmdb-linux-x64
194 silly reify mark deleted [
194 silly reify   '/Users/mohitsingh/Documents/CES/CES-website-ng/node_modules/@lmdb/lmdb-linux-x64'
194 silly reify ]
195 verbose reify failed optional dependency /Users/mohitsingh/Documents/CES/CES-website-ng/node_modules/@lmdb/lmdb-linux-arm64
196 silly reify mark deleted [
196 silly reify   '/Users/mohitsingh/Documents/CES/CES-website-ng/node_modules/@lmdb/lmdb-linux-arm64'
196 silly reify ]
197 verbose reify failed optional dependency /Users/mohitsingh/Documents/CES/CES-website-ng/node_modules/@lmdb/lmdb-linux-arm
198 silly reify mark deleted [
198 silly reify   '/Users/mohitsingh/Documents/CES/CES-website-ng/node_modules/@lmdb/lmdb-linux-arm'
198 silly reify ]
199 verbose reify failed optional dependency /Users/mohitsingh/Documents/CES/CES-website-ng/node_modules/@lmdb/lmdb-darwin-x64
200 silly reify mark deleted [
200 silly reify   '/Users/mohitsingh/Documents/CES/CES-website-ng/node_modules/@lmdb/lmdb-darwin-x64'
200 silly reify ]
201 verbose reify failed optional dependency /Users/mohitsingh/Documents/CES/CES-website-ng/node_modules/@esbuild/win32-x64
202 silly reify mark deleted [
202 silly reify   '/Users/mohitsingh/Documents/CES/CES-website-ng/node_modules/@esbuild/win32-x64'
202 silly reify ]
203 verbose reify failed optional dependency /Users/mohitsingh/Documents/CES/CES-website-ng/node_modules/@esbuild/win32-ia32
204 silly reify mark deleted [
204 silly reify   '/Users/mohitsingh/Documents/CES/CES-website-ng/node_modules/@esbuild/win32-ia32'
204 silly reify ]
205 verbose reify failed optional dependency /Users/mohitsingh/Documents/CES/CES-website-ng/node_modules/@esbuild/win32-arm64
206 silly reify mark deleted [
206 silly reify   '/Users/mohitsingh/Documents/CES/CES-website-ng/node_modules/@esbuild/win32-arm64'
206 silly reify ]
207 verbose reify failed optional dependency /Users/mohitsingh/Documents/CES/CES-website-ng/node_modules/@esbuild/sunos-x64
208 silly reify mark deleted [
208 silly reify   '/Users/mohitsingh/Documents/CES/CES-website-ng/node_modules/@esbuild/sunos-x64'
208 silly reify ]
209 verbose reify failed optional dependency /Users/mohitsingh/Documents/CES/CES-website-ng/node_modules/@esbuild/openharmony-arm64
210 silly reify mark deleted [
210 silly reify   '/Users/mohitsingh/Documents/CES/CES-website-ng/node_modules/@esbuild/openharmony-arm64'
210 silly reify ]
211 verbose reify failed optional dependency /Users/mohitsingh/Documents/CES/CES-website-ng/node_modules/@esbuild/openbsd-x64
212 silly reify mark deleted [
212 silly reify   '/Users/mohitsingh/Documents/CES/CES-website-ng/node_modules/@esbuild/openbsd-x64'
212 silly reify ]
213 verbose reify failed optional dependency /Users/mohitsingh/Documents/CES/CES-website-ng/node_modules/@esbuild/openbsd-arm64
214 silly reify mark deleted [
214 silly reify   '/Users/mohitsingh/Documents/CES/CES-website-ng/node_modules/@esbuild/openbsd-arm64'
214 silly reify ]
215 verbose reify failed optional dependency /Users/mohitsingh/Documents/CES/CES-website-ng/node_modules/@esbuild/netbsd-x64
216 silly reify mark deleted [
216 silly reify   '/Users/mohitsingh/Documents/CES/CES-website-ng/node_modules/@esbuild/netbsd-x64'
216 silly reify ]
217 verbose reify failed optional dependency /Users/mohitsingh/Documents/CES/CES-website-ng/node_modules/@esbuild/netbsd-arm64
218 silly reify mark deleted [
218 silly reify   '/Users/mohitsingh/Documents/CES/CES-website-ng/node_modules/@esbuild/netbsd-arm64'
218 silly reify ]
219 verbose reify failed optional dependency /Users/mohitsingh/Documents/CES/CES-website-ng/node_modules/@esbuild/linux-x64
220 silly reify mark deleted [
220 silly reify   '/Users/mohitsingh/Documents/CES/CES-website-ng/node_modules/@esbuild/linux-x64'
220 silly reify ]
221 verbose reify failed optional dependency /Users/mohitsingh/Documents/CES/CES-website-ng/node_modules/@esbuild/linux-s390x
222 silly reify mark deleted [
222 silly reify   '/Users/mohitsingh/Documents/CES/CES-website-ng/node_modules/@esbuild/linux-s390x'
222 silly reify ]
223 verbose reify failed optional dependency /Users/mohitsingh/Documents/CES/CES-website-ng/node_modules/@esbuild/linux-riscv64
224 silly reify mark deleted [
224 silly reify   '/Users/mohitsingh/Documents/CES/CES-website-ng/node_modules/@esbuild/linux-riscv64'
224 silly reify ]
225 verbose reify failed optional dependency /Users/mohitsingh/Documents/CES/CES-website-ng/node_modules/@esbuild/linux-ppc64
226 silly reify mark deleted [
226 silly reify   '/Users/mohitsingh/Documents/CES/CES-website-ng/node_modules/@esbuild/linux-ppc64'
226 silly reify ]
227 verbose reify failed optional dependency /Users/mohitsingh/Documents/CES/CES-website-ng/node_modules/@esbuild/linux-mips64el
228 silly reify mark deleted [
228 silly reify   '/Users/mohitsingh/Documents/CES/CES-website-ng/node_modules/@esbuild/linux-mips64el'
228 silly reify ]
229 verbose reify failed optional dependency /Users/mohitsingh/Documents/CES/CES-website-ng/node_modules/@esbuild/linux-loong64
230 silly reify mark deleted [
230 silly reify   '/Users/mohitsingh/Documents/CES/CES-website-ng/node_modules/@esbuild/linux-loong64'
230 silly reify ]
231 verbose reify failed optional dependency /Users/mohitsingh/Documents/CES/CES-website-ng/node_modules/@esbuild/linux-ia32
232 silly reify mark deleted [
232 silly reify   '/Users/mohitsingh/Documents/CES/CES-website-ng/node_modules/@esbuild/linux-ia32'
232 silly reify ]
233 verbose reify failed optional dependency /Users/mohitsingh/Documents/CES/CES-website-ng/node_modules/@esbuild/linux-arm64
234 silly reify mark deleted [
234 silly reify   '/Users/mohitsingh/Documents/CES/CES-website-ng/node_modules/@esbuild/linux-arm64'
234 silly reify ]
235 verbose reify failed optional dependency /Users/mohitsingh/Documents/CES/CES-website-ng/node_modules/@esbuild/linux-arm
236 silly reify mark deleted [
236 silly reify   '/Users/mohitsingh/Documents/CES/CES-website-ng/node_modules/@esbuild/linux-arm'
236 silly reify ]
237 verbose reify failed optional dependency /Users/mohitsingh/Documents/CES/CES-website-ng/node_modules/@esbuild/freebsd-x64
238 silly reify mark deleted [
238 silly reify   '/Users/mohitsingh/Documents/CES/CES-website-ng/node_modules/@esbuild/freebsd-x64'
238 silly reify ]
239 verbose reify failed optional dependency /Users/mohitsingh/Documents/CES/CES-website-ng/node_modules/@esbuild/freebsd-arm64
240 silly reify mark deleted [
240 silly reify   '/Users/mohitsingh/Documents/CES/CES-website-ng/node_modules/@esbuild/freebsd-arm64'
240 silly reify ]
241 verbose reify failed optional dependency /Users/mohitsingh/Documents/CES/CES-website-ng/node_modules/@esbuild/darwin-x64
242 silly reify mark deleted [
242 silly reify   '/Users/mohitsingh/Documents/CES/CES-website-ng/node_modules/@esbuild/darwin-x64'
242 silly reify ]
243 verbose reify failed optional dependency /Users/mohitsingh/Documents/CES/CES-website-ng/node_modules/@esbuild/android-x64
244 silly reify mark deleted [
244 silly reify   '/Users/mohitsingh/Documents/CES/CES-website-ng/node_modules/@esbuild/android-x64'
244 silly reify ]
245 verbose reify failed optional dependency /Users/mohitsingh/Documents/CES/CES-website-ng/node_modules/@esbuild/android-arm64
246 silly reify mark deleted [
246 silly reify   '/Users/mohitsingh/Documents/CES/CES-website-ng/node_modules/@esbuild/android-arm64'
246 silly reify ]
247 verbose reify failed optional dependency /Users/mohitsingh/Documents/CES/CES-website-ng/node_modules/@esbuild/android-arm
248 silly reify mark deleted [
248 silly reify   '/Users/mohitsingh/Documents/CES/CES-website-ng/node_modules/@esbuild/android-arm'
248 silly reify ]
249 verbose reify failed optional dependency /Users/mohitsingh/Documents/CES/CES-website-ng/node_modules/@esbuild/aix-ppc64
250 silly reify mark deleted [
250 silly reify   '/Users/mohitsingh/Documents/CES/CES-website-ng/node_modules/@esbuild/aix-ppc64'
250 silly reify ]
251 http cache @tybys/wasm-util@https://registry.npmjs.org/@tybys/wasm-util/-/wasm-util-0.10.1.tgz 0ms (cache hit)
252 http cache @napi-rs/wasm-runtime@https://registry.npmjs.org/@napi-rs/wasm-runtime/-/wasm-runtime-1.1.1.tgz 0ms (cache hit)
253 http cache @emnapi/wasi-threads@https://registry.npmjs.org/@emnapi/wasi-threads/-/wasi-threads-1.1.0.tgz 0ms (cache hit)
254 http cache ngx-owl-carousel-o@https://registry.npmjs.org/ngx-owl-carousel-o/-/ngx-owl-carousel-o-21.0.0.tgz 0ms (cache hit)
255 http cache @emnapi/runtime@https://registry.npmjs.org/@emnapi/runtime/-/runtime-1.8.1.tgz 0ms (cache hit)
256 http cache @emnapi/core@https://registry.npmjs.org/@emnapi/core/-/core-1.8.1.tgz 0ms (cache hit)
257 silly tarball no local data for ngx-owl-carousel-o@https://registry.npmjs.org/ngx-owl-carousel-o/-/ngx-owl-carousel-o-21.0.0.tgz. Extracting by manifest.
258 http fetch GET 200 https://registry.npmjs.org/ngx-owl-carousel-o/-/ngx-owl-carousel-o-21.0.0.tgz 289ms (cache miss)
259 http fetch POST 200 https://registry.npmjs.org/-/npm/v1/security/advisories/bulk 399ms
260 silly audit report {
260 silly audit report   '@angular/compiler': [
260 silly audit report     {
260 silly audit report       id: 1114735,
260 silly audit report       url: 'https://github.com/advisories/GHSA-g93w-mfhg-p222',
260 silly audit report       title: 'Angular vulnerable to XSS in i18n attribute bindings',
260 silly audit report       severity: 'high',
260 silly audit report       vulnerable_versions: '>=21.0.0-next.0 <21.2.4',
260 silly audit report       cwe: [Array],
260 silly audit report       cvss: [Object]
260 silly audit report     }
260 silly audit report   ],
260 silly audit report   '@angular/core': [
260 silly audit report     {
260 silly audit report       id: 1113590,
260 silly audit report       url: 'https://github.com/advisories/GHSA-prjf-86w9-mfqv',
260 silly audit report       title: 'Angular i18n vulnerable to Cross-Site Scripting',
260 silly audit report       severity: 'high',
260 silly audit report       vulnerable_versions: '>=21.0.0-next.0 <=21.1.5',
260 silly audit report       cwe: [Array],
260 silly audit report       cvss: [Object]
260 silly audit report     },
260 silly audit report     {
260 silly audit report       id: 1114738,
260 silly audit report       url: 'https://github.com/advisories/GHSA-g93w-mfhg-p222',
260 silly audit report       title: 'Angular vulnerable to XSS in i18n attribute bindings',
260 silly audit report       severity: 'high',
260 silly audit report       vulnerable_versions: '>=21.0.0-next.0 <21.2.4',
260 silly audit report       cwe: [Array],
260 silly audit report       cvss: [Object]
260 silly audit report     }
260 silly audit report   ],
260 silly audit report   '@hono/node-server': [
260 silly audit report     {
260 silly audit report       id: 1114170,
260 silly audit report       url: 'https://github.com/advisories/GHSA-wc8c-qw6v-h7f6',
260 silly audit report       title: '@hono/node-server has authorization bypass for protected static paths via encoded slashes in Serve Static Middleware',
260 silly audit report       severity: 'high',
260 silly audit report       vulnerable_versions: '<1.19.10',
260 silly audit report       cwe: [Array],
260 silly audit report       cvss: [Object]
260 silly audit report     }
260 silly audit report   ],
260 silly audit report   ajv: [
260 silly audit report     {
260 silly audit report       id: 1113715,
260 silly audit report       url: 'https://github.com/advisories/GHSA-2g4f-4pwh-qvx6',
260 silly audit report       title: 'ajv has ReDoS when using `$data` option',
260 silly audit report       severity: 'moderate',
260 silly audit report       vulnerable_versions: '>=7.0.0-alpha.0 <8.18.0',
260 silly audit report       cwe: [Array],
260 silly audit report       cvss: [Object]
260 silly audit report     }
260 silly audit report   ],
260 silly audit report   'express-rate-limit': [
260 silly audit report     {
260 silly audit report       id: 1114194,
260 silly audit report       url: 'https://github.com/advisories/GHSA-46wh-pxpv-q5gq',
260 silly audit report       title: 'express-rate-limit: IPv4-mapped IPv6 addresses bypass per-client rate limiting on servers with dual-stack network',
260 silly audit report       severity: 'high',
260 silly audit report       vulnerable_versions: '>=8.2.0 <8.2.2',
260 silly audit report       cwe: [Array],
260 silly audit report       cvss: [Object]
260 silly audit report     }
260 silly audit report   ],
260 silly audit report   hono: [
260 silly audit report     {
260 silly audit report       id: 1113311,
260 silly audit report       url: 'https://github.com/advisories/GHSA-gq3j-xvxp-8hrf',
260 silly audit report       title: 'Hono added timing comparison hardening in basicAuth and bearerAuth',
260 silly audit report       severity: 'low',
260 silly audit report       vulnerable_versions: '<4.11.10',
260 silly audit report       cwe: [Array],
260 silly audit report       cvss: [Object]
260 silly audit report     },
260 silly audit report     {
260 silly audit report       id: 1114004,
260 silly audit report       url: 'https://github.com/advisories/GHSA-5pq2-9x2x-5p6w',
260 silly audit report       title: 'Hono Vulnerable to Cookie Attribute Injection via Unsanitized domain and path in setCookie()',
260 silly audit report       severity: 'moderate',
260 silly audit report       vulnerable_versions: '<4.12.4',
260 silly audit report       cwe: [Array],
260 silly audit report       cvss: [Object]
260 silly audit report     },
260 silly audit report     {
260 silly audit report       id: 1114005,
260 silly audit report       url: 'https://github.com/advisories/GHSA-p6xx-57qc-3wxr',
260 silly audit report       title: 'Hono Vulnerable to SSE Control Field Injection via CR/LF in writeSSE()',
260 silly audit report       severity: 'moderate',
260 silly audit report       vulnerable_versions: '<4.12.4',
260 silly audit report       cwe: [Array],
260 silly audit report       cvss: [Object]
260 silly audit report     },
260 silly audit report     {
260 silly audit report       id: 1114006,
260 silly audit report       url: 'https://github.com/advisories/GHSA-q5qw-h33p-qvwr',
260 silly audit report       title: 'Hono vulnerable to arbitrary file access via serveStatic vulnerability ',
260 silly audit report       severity: 'high',
260 silly audit report       vulnerable_versions: '<4.12.4',
260 silly audit report       cwe: [Array],
260 silly audit report       cvss: [Object]
260 silly audit report     },
260 silly audit report     {
260 silly audit report       id: 1114341,
260 silly audit report       url: 'https://github.com/advisories/GHSA-v8w9-8mx6-g223',
260 silly audit report       title: 'Hono vulnerable to Prototype Pollution possible through __proto__ key allowed in parseBody({ dot: true })',
260 silly audit report       severity: 'moderate',
260 silly audit report       vulnerable_versions: '<4.12.7',
260 silly audit report       cwe: [Array],
260 silly audit report       cvss: [Object]
260 silly audit report     }
260 silly audit report   ],
260 silly audit report   immutable: [
260 silly audit report     {
260 silly audit report       id: 1114168,
260 silly audit report       url: 'https://github.com/advisories/GHSA-wf6x-7x77-mvgw',
260 silly audit report       title: 'Immutable is vulnerable to Prototype Pollution',
260 silly audit report       severity: 'high',
260 silly audit report       vulnerable_versions: '>=5.0.0 <5.1.5',
260 silly audit report       cwe: [Array],
260 silly audit report       cvss: [Object]
260 silly audit report     }
260 silly audit report   ],
260 silly audit report   minimatch: [
260 silly audit report     {
260 silly audit report       id: 1113545,
260 silly audit report       url: 'https://github.com/advisories/GHSA-7r86-cg39-jmmj',
260 silly audit report       title: 'minimatch has ReDoS: matchOne() combinatorial backtracking via multiple non-adjacent GLOBSTAR segments',
260 silly audit report       severity: 'high',
260 silly audit report       vulnerable_versions: '>=10.0.0 <10.2.3',
260 silly audit report       cwe: [Array],
260 silly audit report       cvss: [Object]
260 silly audit report     },
260 silly audit report     {
260 silly audit report       id: 1113553,
260 silly audit report       url: 'https://github.com/advisories/GHSA-23c5-xmqv-rm74',
260 silly audit report       title: 'minimatch ReDoS: nested *() extglobs generate catastrophically backtracking regular expressions',
260 silly audit report       severity: 'high',
260 silly audit report       vulnerable_versions: '>=10.0.0 <10.2.3',
260 silly audit report       cwe: [Array],
260 silly audit report       cvss: [Object]
260 silly audit report     }
260 silly audit report   ],
260 silly audit report   rollup: [
260 silly audit report     {
260 silly audit report       id: 1113515,
260 silly audit report       url: 'https://github.com/advisories/GHSA-mw96-cpmx-2vgc',
260 silly audit report       title: 'Rollup 4 has Arbitrary File Write via Path Traversal',
260 silly audit report       severity: 'high',
260 silly audit report       vulnerable_versions: '>=4.0.0 <4.59.0',
260 silly audit report       cwe: [Array],
260 silly audit report       cvss: [Object]
260 silly audit report     }
260 silly audit report   ],
260 silly audit report   tar: [
260 silly audit report     {
260 silly audit report       id: 1114200,
260 silly audit report       url: 'https://github.com/advisories/GHSA-qffp-2rhf-9h96',
260 silly audit report       title: 'tar has Hardlink Path Traversal via Drive-Relative Linkpath',
260 silly audit report       severity: 'high',
260 silly audit report       vulnerable_versions: '<=7.5.9',
260 silly audit report       cwe: [Array],
260 silly audit report       cvss: [Object]
260 silly audit report     },
260 silly audit report     {
260 silly audit report       id: 1114302,
260 silly audit report       url: 'https://github.com/advisories/GHSA-9ppj-qmqm-q256',
260 silly audit report       title: 'node-tar Symlink Path Traversal via Drive-Relative Linkpath',
260 silly audit report       severity: 'high',
260 silly audit report       vulnerable_versions: '<=7.5.10',
260 silly audit report       cwe: [Array],
260 silly audit report       cvss: [Object]
260 silly audit report     }
260 silly audit report   ],
260 silly audit report   undici: [
260 silly audit report     {
260 silly audit report       id: 1114591,
260 silly audit report       url: 'https://github.com/advisories/GHSA-f269-vfmq-vjvj',
260 silly audit report       title: 'Undici: Malicious WebSocket 64-bit length overflows parser and crashes the client',
260 silly audit report       severity: 'high',
260 silly audit report       vulnerable_versions: '>=7.0.0 <7.24.0',
260 silly audit report       cwe: [Array],
260 silly audit report       cvss: [Object]
260 silly audit report     },
260 silly audit report     {
260 silly audit report       id: 1114593,
260 silly audit report       url: 'https://github.com/advisories/GHSA-2mjp-6q6p-2qxm',
260 silly audit report       title: 'Undici has an HTTP Request/Response Smuggling issue',
260 silly audit report       severity: 'moderate',
260 silly audit report       vulnerable_versions: '>=7.0.0 <7.24.0',
260 silly audit report       cwe: [Array],
260 silly audit report       cvss: [Object]
260 silly audit report     },
260 silly audit report     {
260 silly audit report       id: 1114637,
260 silly audit report       url: 'https://github.com/advisories/GHSA-vrm6-8vpv-qv8q',
260 silly audit report       title: 'Undici has Unbounded Memory Consumption in WebSocket permessage-deflate Decompression',
260 silly audit report       severity: 'high',
260 silly audit report       vulnerable_versions: '>=7.0.0 <7.24.0',
260 silly audit report       cwe: [Array],
260 silly audit report       cvss: [Object]
260 silly audit report     },
260 silly audit report     {
260 silly audit report       id: 1114639,
260 silly audit report       url: 'https://github.com/advisories/GHSA-v9p9-hfj2-hcw8',
260 silly audit report       title: 'Undici has Unhandled Exception in WebSocket Client Due to Invalid server_max_window_bits Validation',
260 silly audit report       severity: 'high',
260 silly audit report       vulnerable_versions: '>=7.0.0 <7.24.0',
260 silly audit report       cwe: [Array],
260 silly audit report       cvss: [Object]
260 silly audit report     },
260 silly audit report     {
260 silly audit report       id: 1114641,
260 silly audit report       url: 'https://github.com/advisories/GHSA-4992-7rv2-5pvq',
260 silly audit report       title: 'Undici has CRLF Injection in undici via `upgrade` option',
260 silly audit report       severity: 'moderate',
260 silly audit report       vulnerable_versions: '>=7.0.0 <7.24.0',
260 silly audit report       cwe: [Array],
260 silly audit report       cvss: [Object]
260 silly audit report     },
260 silly audit report     {
260 silly audit report       id: 1114643,
260 silly audit report       url: 'https://github.com/advisories/GHSA-phc3-fgpg-7m6h',
260 silly audit report       title: 'Undici has Unbounded Memory Consumption in its DeduplicationHandler via Response Buffering that leads to DoS',
260 silly audit report       severity: 'moderate',
260 silly audit report       vulnerable_versions: '>=7.17.0 <7.24.0',
260 silly audit report       cwe: [Array],
260 silly audit report       cvss: [Object]
260 silly audit report     }
260 silly audit report   ]
260 silly audit report }
261 silly packumentCache corgi:https://registry.npmjs.org/@angular%2fcompiler cache-miss
262 silly packumentCache corgi:https://registry.npmjs.org/@angular%2fcore cache-miss
263 silly packumentCache corgi:https://registry.npmjs.org/@hono%2fnode-server cache-miss
264 silly packumentCache corgi:https://registry.npmjs.org/ajv cache-miss
265 silly packumentCache corgi:https://registry.npmjs.org/express-rate-limit cache-miss
266 silly packumentCache corgi:https://registry.npmjs.org/hono cache-miss
267 silly packumentCache corgi:https://registry.npmjs.org/immutable cache-miss
268 silly packumentCache corgi:https://registry.npmjs.org/minimatch cache-miss
269 silly packumentCache corgi:https://registry.npmjs.org/rollup cache-miss
270 silly packumentCache corgi:https://registry.npmjs.org/tar cache-miss
271 silly packumentCache corgi:https://registry.npmjs.org/undici cache-miss
272 http fetch GET 200 https://registry.npmjs.org/hono 123ms (cache revalidated)
273 silly packumentCache corgi:https://registry.npmjs.org/hono set size:681930 disposed:false
274 http fetch GET 200 https://registry.npmjs.org/ajv 149ms (cache revalidated)
275 silly packumentCache corgi:https://registry.npmjs.org/ajv set size:464537 disposed:false
276 http fetch GET 200 https://registry.npmjs.org/tar 208ms (cache revalidated)
277 silly packumentCache corgi:https://registry.npmjs.org/tar set size:199254 disposed:false
278 http fetch GET 200 https://registry.npmjs.org/minimatch 379ms (cache revalidated)
279 silly packumentCache corgi:https://registry.npmjs.org/minimatch set size:167610 disposed:false
280 http fetch GET 200 https://registry.npmjs.org/immutable 383ms (cache revalidated)
281 silly packumentCache corgi:https://registry.npmjs.org/immutable set size:108496 disposed:false
282 http fetch GET 200 https://registry.npmjs.org/@hono%2fnode-server 385ms (cache revalidated)
283 silly packumentCache corgi:https://registry.npmjs.org/@hono%2fnode-server set size:82566 disposed:false
284 http fetch GET 200 https://registry.npmjs.org/undici 385ms (cache revalidated)
285 silly packumentCache corgi:https://registry.npmjs.org/undici set size:419992 disposed:false
286 http fetch GET 200 https://registry.npmjs.org/rollup 404ms (cache revalidated)
287 silly packumentCache corgi:https://registry.npmjs.org/rollup set size:2551767 disposed:false
288 http fetch GET 200 https://registry.npmjs.org/@angular%2fcore 437ms (cache revalidated)
289 silly packumentCache corgi:https://registry.npmjs.org/@angular%2fcore set size:1138059 disposed:false
290 http fetch GET 200 https://registry.npmjs.org/express-rate-limit 461ms (cache revalidated)
291 silly packumentCache corgi:https://registry.npmjs.org/express-rate-limit set size:169371 disposed:false
292 http fetch GET 200 https://registry.npmjs.org/@angular%2fcompiler 679ms (cache revalidated)
293 silly packumentCache corgi:https://registry.npmjs.org/@angular%2fcompiler set size:1110608 disposed:false
294 silly packumentCache corgi:https://registry.npmjs.org/@angular%2fbuild cache-miss
295 silly packumentCache corgi:https://registry.npmjs.org/@angular%2fcompiler-cli cache-miss
296 http fetch GET 200 https://registry.npmjs.org/@angular%2fbuild 48ms (cache revalidated)
297 silly packumentCache corgi:https://registry.npmjs.org/@angular%2fbuild set size:500672 disposed:false
298 http fetch GET 200 https://registry.npmjs.org/@angular%2fcompiler-cli 57ms (cache revalidated)
299 silly packumentCache corgi:https://registry.npmjs.org/@angular%2fcompiler-cli set size:1482993 disposed:false
300 silly packumentCache corgi:https://registry.npmjs.org/@angular%2fanimations cache-miss
301 silly packumentCache corgi:https://registry.npmjs.org/@angular%2fcdk cache-miss
302 silly packumentCache corgi:https://registry.npmjs.org/@angular%2fcommon cache-miss
303 silly packumentCache corgi:https://registry.npmjs.org/@angular%2fforms cache-miss
304 silly packumentCache corgi:https://registry.npmjs.org/@angular%2fmaterial cache-miss
305 silly packumentCache corgi:https://registry.npmjs.org/@angular%2fplatform-browser cache-miss
306 silly packumentCache corgi:https://registry.npmjs.org/@angular%2frouter cache-miss
307 silly packumentCache corgi:https://registry.npmjs.org/ngx-owl-carousel-o cache-miss
308 http fetch GET 200 https://registry.npmjs.org/@angular%2fcommon 128ms (cache revalidated)
309 silly packumentCache corgi:https://registry.npmjs.org/@angular%2fcommon set size:1135553 disposed:false
310 http fetch GET 200 https://registry.npmjs.org/@angular%2fanimations 135ms (cache revalidated)
311 silly packumentCache corgi:https://registry.npmjs.org/@angular%2fanimations set size:1095985 disposed:false
312 http fetch GET 200 https://registry.npmjs.org/@angular%2fmaterial 141ms (cache revalidated)
313 silly packumentCache corgi:https://registry.npmjs.org/@angular%2fmaterial set size:1265231 disposed:false
314 http fetch GET 200 https://registry.npmjs.org/ngx-owl-carousel-o 394ms (cache miss)
315 silly packumentCache corgi:https://registry.npmjs.org/ngx-owl-carousel-o set size:undefined disposed:false
316 http fetch GET 200 https://registry.npmjs.org/@angular%2frouter 426ms (cache revalidated)
317 silly packumentCache corgi:https://registry.npmjs.org/@angular%2frouter set size:1226340 disposed:false
318 http fetch GET 200 https://registry.npmjs.org/@angular%2fplatform-browser 448ms (cache revalidated)
319 silly packumentCache corgi:https://registry.npmjs.org/@angular%2fplatform-browser set size:1243898 disposed:false
320 http fetch GET 200 https://registry.npmjs.org/@angular%2fforms 951ms (cache revalidated)
321 silly packumentCache corgi:https://registry.npmjs.org/@angular%2fforms set size:1195989 disposed:false
322 http fetch GET 200 https://registry.npmjs.org/@angular%2fcdk 987ms (cache revalidated)
323 silly packumentCache corgi:https://registry.npmjs.org/@angular%2fcdk set size:783431 disposed:false
324 silly packumentCache corgi:https://registry.npmjs.org/@modelcontextprotocol%2fsdk cache-miss
325 http fetch GET 200 https://registry.npmjs.org/@modelcontextprotocol%2fsdk 55ms (cache revalidated)
326 silly packumentCache corgi:https://registry.npmjs.org/@modelcontextprotocol%2fsdk set size:111890 disposed:false
327 silly packumentCache corgi:https://registry.npmjs.org/@angular-devkit%2fcore cache-miss
328 silly packumentCache corgi:https://registry.npmjs.org/ajv-formats cache-miss
329 http fetch GET 200 https://registry.npmjs.org/ajv-formats 120ms (cache revalidated)
330 silly packumentCache corgi:https://registry.npmjs.org/ajv-formats set size:63554 disposed:false
331 http fetch GET 200 https://registry.npmjs.org/@angular-devkit%2fcore 140ms (cache revalidated)
332 silly packumentCache corgi:https://registry.npmjs.org/@angular-devkit%2fcore set size:1242770 disposed:false
333 silly packumentCache corgi:https://registry.npmjs.org/sass cache-miss
334 http fetch GET 200 https://registry.npmjs.org/sass 26ms (cache revalidated)
335 silly packumentCache corgi:https://registry.npmjs.org/sass set size:376963 disposed:false
336 silly packumentCache corgi:https://registry.npmjs.org/@tufjs%2fmodels cache-miss
337 silly packumentCache corgi:https://registry.npmjs.org/glob cache-miss
338 silly packumentCache corgi:https://registry.npmjs.org/ignore-walk cache-miss
339 http fetch GET 200 https://registry.npmjs.org/glob 30ms (cache revalidated)
340 silly packumentCache corgi:https://registry.npmjs.org/glob set size:199194 disposed:false
341 http fetch GET 200 https://registry.npmjs.org/ignore-walk 33ms (cache revalidated)
342 silly packumentCache corgi:https://registry.npmjs.org/ignore-walk set size:29370 disposed:false
343 http fetch GET 200 https://registry.npmjs.org/@tufjs%2fmodels 50ms (cache revalidated)
344 silly packumentCache corgi:https://registry.npmjs.org/@tufjs%2fmodels set size:15872 disposed:false
345 silly packumentCache corgi:https://registry.npmjs.org/vite cache-miss
346 http fetch GET 200 https://registry.npmjs.org/vite 32ms (cache revalidated)
347 silly packumentCache corgi:https://registry.npmjs.org/vite set size:2205410 disposed:false
348 silly packumentCache corgi:https://registry.npmjs.org/node-gyp cache-miss
349 silly packumentCache corgi:https://registry.npmjs.org/pacote cache-miss
350 http fetch GET 200 https://registry.npmjs.org/pacote 32ms (cache revalidated)
351 silly packumentCache corgi:https://registry.npmjs.org/pacote set size:400151 disposed:false
352 http fetch GET 200 https://registry.npmjs.org/node-gyp 38ms (cache revalidated)
353 silly packumentCache corgi:https://registry.npmjs.org/node-gyp set size:157353 disposed:false
354 silly packumentCache corgi:https://registry.npmjs.org/@angular-devkit%2farchitect cache-miss
355 silly packumentCache corgi:https://registry.npmjs.org/@angular-devkit%2fschematics cache-miss
356 silly packumentCache corgi:https://registry.npmjs.org/@angular%2fcli cache-miss
357 silly packumentCache corgi:https://registry.npmjs.org/@schematics%2fangular cache-miss
358 http fetch GET 200 https://registry.npmjs.org/@angular%2fcli 39ms (cache revalidated)
359 silly packumentCache corgi:https://registry.npmjs.org/@angular%2fcli set size:1755099 disposed:false
360 http fetch GET 200 https://registry.npmjs.org/@angular-devkit%2farchitect 51ms (cache revalidated)
361 silly packumentCache corgi:https://registry.npmjs.org/@angular-devkit%2farchitect set size:1140190 disposed:false
362 http fetch GET 200 https://registry.npmjs.org/@angular-devkit%2fschematics 137ms (cache revalidated)
363 silly packumentCache corgi:https://registry.npmjs.org/@angular-devkit%2fschematics set size:1210155 disposed:false
364 http fetch GET 200 https://registry.npmjs.org/@schematics%2fangular 144ms (cache revalidated)
365 silly packumentCache corgi:https://registry.npmjs.org/@schematics%2fangular set size:1207989 disposed:false
366 silly ADD node_modules/ngx-owl-carousel-o
367 silly ADD
368 silly ADD
369 silly ADD
370 silly ADD
371 silly ADD
372 silly ADD
373 silly ADD
374 silly ADD
375 silly ADD
376 silly ADD
377 silly ADD
378 silly ADD
379 silly ADD
380 silly ADD
381 silly ADD
382 silly ADD
383 silly ADD
384 silly ADD
385 silly ADD
386 silly ADD
387 silly ADD
388 silly ADD
389 silly ADD
390 silly ADD
391 silly ADD
392 silly ADD
393 silly ADD
394 silly ADD
395 silly ADD
396 silly ADD
397 silly ADD
398 silly ADD
399 silly ADD
400 silly ADD
401 silly ADD
402 silly ADD
403 silly ADD
404 silly ADD
405 silly ADD
406 silly ADD
407 silly ADD
408 silly ADD
409 silly ADD
410 silly ADD
411 silly ADD
412 silly ADD
413 silly ADD
414 silly ADD
415 silly ADD
416 silly ADD
417 silly ADD
418 silly ADD
419 silly ADD
420 silly ADD
421 silly ADD
422 silly ADD
423 silly ADD
424 silly ADD
425 silly ADD
426 silly ADD
427 silly ADD
428 silly ADD
429 silly ADD
430 silly ADD
431 silly ADD
432 silly ADD
433 silly ADD
434 silly ADD
435 silly ADD
436 silly ADD
437 silly ADD
438 silly ADD
439 silly ADD
440 silly ADD
441 silly ADD
442 silly ADD
443 silly ADD
444 silly ADD
445 silly ADD
446 silly ADD
447 silly ADD
448 silly ADD
449 silly ADD
450 silly ADD
451 silly ADD
452 silly ADD
453 silly ADD
454 silly ADD
455 silly ADD
456 silly ADD
457 silly ADD
458 silly ADD
459 silly ADD
460 silly ADD
461 silly ADD
462 silly ADD
463 silly ADD
464 silly ADD
465 silly ADD
466 silly ADD
467 silly ADD
468 silly ADD
469 silly ADD
470 silly ADD
471 silly ADD
472 verbose cwd /Users/mohitsingh/Documents/CES/CES-website-ng
473 verbose os Darwin 25.3.0
474 verbose node v22.22.0
475 verbose npm  v10.9.4
476 verbose exit 0
477 info ok
