0 verbose cli /Users/mohitsingh/.nvm/versions/node/v22.22.0/bin/node /Users/mohitsingh/.nvm/versions/node/v22.22.0/bin/npm
1 info using npm@10.9.4
2 info using node@v22.22.0
3 silly config load:file:/Users/mohitsingh/.nvm/versions/node/v22.22.0/lib/node_modules/npm/npmrc
4 silly config load:file:/Users/mohitsingh/Documents/CES/CES-website-ng/.npmrc
5 silly config load:file:/Users/mohitsingh/.npmrc
6 silly config load:file:/Users/mohitsingh/.nvm/versions/node/v22.22.0/etc/npmrc
7 verbose title npm outdated
8 verbose argv "outdated" "--json"
9 verbose logfile logs-max:10 dir:/Users/mohitsingh/Documents/CES/CES-website-ng/.npm-cache/_logs/2026-03-24T05_21_37_972Z-
10 verbose logfile /Users/mohitsingh/Documents/CES/CES-website-ng/.npm-cache/_logs/2026-03-24T05_21_37_972Z-debug-0.log
11 silly logfile done cleaning log files
12 silly packumentCache heap:2197815296 maxSize:549453824 maxEntrySize:274726912
13 http fetch GET 200 https://registry.npmjs.org/@angular%2fforms 144ms (cache revalidated)
14 http fetch GET 200 https://registry.npmjs.org/@angular%2fcdk 306ms (cache revalidated)
15 http fetch GET 200 https://registry.npmjs.org/bootstrap 306ms (cache miss)
16 http fetch GET 200 https://registry.npmjs.org/@angular%2fanimations 402ms (cache revalidated)
17 http fetch GET 200 https://registry.npmjs.org/@angular%2fcompiler 409ms (cache revalidated)
18 http fetch GET 200 https://registry.npmjs.org/@angular%2fbuild 413ms (cache revalidated)
19 http fetch GET 200 https://registry.npmjs.org/@angular%2fcore 421ms (cache revalidated)
20 http fetch GET 200 https://registry.npmjs.org/@angular%2fcommon 429ms (cache revalidated)
21 http fetch GET 200 https://registry.npmjs.org/@angular%2fcompiler-cli 433ms (cache revalidated)
22 http fetch GET 200 https://registry.npmjs.org/jsdom 441ms (cache miss)
23 http fetch GET 200 https://registry.npmjs.org/@angular%2fplatform-browser 457ms (cache revalidated)
24 http fetch GET 200 https://registry.npmjs.org/@angular%2fcli 460ms (cache revalidated)
25 http fetch GET 200 https://registry.npmjs.org/rxjs 481ms (cache miss)
26 http fetch GET 200 https://registry.npmjs.org/vitest 485ms (cache miss)
27 http fetch GET 200 https://registry.npmjs.org/@angular%2frouter 538ms (cache revalidated)
28 http fetch GET 200 https://registry.npmjs.org/tslib 547ms (cache miss)
29 http fetch GET 200 https://registry.npmjs.org/typescript 1067ms (cache miss)
30 http fetch GET 200 https://registry.npmjs.org/@angular%2fmaterial 1325ms (cache revalidated)
31 verbose cwd /Users/mohitsingh/Documents/CES/CES-website-ng
32 verbose os Darwin 25.3.0
33 verbose node v22.22.0
34 verbose npm  v10.9.4
35 verbose exit 1
36 verbose code 1
